
*** Running vivado
    with args -log top.vds -m64 -product Vivado -mode batch -messageDb vivado.pb -notrace -source top.tcl


****** Vivado v2018.3 (64-bit)
  **** SW Build 2405991 on Thu Dec  6 23:38:27 MST 2018
  **** IP Build 2404404 on Fri Dec  7 01:43:56 MST 2018
    ** Copyright 1986-2018 Xilinx, Inc. All Rights Reserved.

source top.tcl -notrace
Command: synth_design -top top -part xc7a100tfgg484-2L
Starting synth_design
Attempting to get a license for feature 'Synthesis' and/or device 'xc7a100t'
INFO: [Common 17-349] Got license for feature 'Synthesis' and/or device 'xc7a100t'
INFO: Launching helper process for spawning children vivado processes
INFO: Helper process launched with PID 25988 
---------------------------------------------------------------------------------
Starting RTL Elaboration : Time (s): cpu = 00:00:01 ; elapsed = 00:00:04 . Memory (MB): peak = 430.465 ; gain = 97.988
---------------------------------------------------------------------------------
INFO: [Synth 8-6157] synthesizing module 'top' [D:/Documents/Project/Exp3/Exp3.srcs/sources_1/new/top.v:3]
INFO: [Synth 8-6157] synthesizing module 'register' [D:/Documents/Project/Exp3/Exp3.srcs/sources_1/new/register.v:3]
INFO: [Synth 8-6155] done synthesizing module 'register' (1#1) [D:/Documents/Project/Exp3/Exp3.srcs/sources_1/new/register.v:3]
INFO: [Synth 8-6157] synthesizing module 'ALU' [D:/Documents/Project/Exp3/Exp3.srcs/sources_1/new/ALU.v:2]
INFO: [Synth 8-155] case statement is not full and has no default [D:/Documents/Project/Exp3/Exp3.srcs/sources_1/new/ALU.v:18]
INFO: [Synth 8-6155] done synthesizing module 'ALU' (2#1) [D:/Documents/Project/Exp3/Exp3.srcs/sources_1/new/ALU.v:2]
INFO: [Synth 8-6157] synthesizing module 'Display' [D:/Documents/Project/Board_Test/Board_Test/Board_Test.srcs/sources_1/new/Display.v:3]
WARNING: [Synth 8-3848] Net enable in module/entity Display does not have driver. [D:/Documents/Project/Board_Test/Board_Test/Board_Test.srcs/sources_1/new/Display.v:7]
INFO: [Synth 8-6155] done synthesizing module 'Display' (3#1) [D:/Documents/Project/Board_Test/Board_Test/Board_Test.srcs/sources_1/new/Display.v:3]
INFO: [Synth 8-6155] done synthesizing module 'top' (4#1) [D:/Documents/Project/Exp3/Exp3.srcs/sources_1/new/top.v:3]
WARNING: [Synth 8-3331] design Display has unconnected port enable
---------------------------------------------------------------------------------
Finished RTL Elaboration : Time (s): cpu = 00:00:02 ; elapsed = 00:00:05 . Memory (MB): peak = 486.414 ; gain = 153.938
---------------------------------------------------------------------------------

Report Check Netlist: 
+------+------------------+-------+---------+-------+------------------+
|      |Item              |Errors |Warnings |Status |Description       |
+------+------------------+-------+---------+-------+------------------+
|1     |multi_driven_nets |      0|        0|Passed |Multi driven nets |
+------+------------------+-------+---------+-------+------------------+
---------------------------------------------------------------------------------
Start Handling Custom Attributes
---------------------------------------------------------------------------------
---------------------------------------------------------------------------------
Finished Handling Custom Attributes : Time (s): cpu = 00:00:02 ; elapsed = 00:00:05 . Memory (MB): peak = 486.414 ; gain = 153.938
---------------------------------------------------------------------------------
---------------------------------------------------------------------------------
Finished RTL Optimization Phase 1 : Time (s): cpu = 00:00:02 ; elapsed = 00:00:05 . Memory (MB): peak = 486.414 ; gain = 153.938
---------------------------------------------------------------------------------
INFO: [Device 21-403] Loading part xc7a100tfgg484-2L
INFO: [Project 1-570] Preparing netlist for logic optimization

Processing XDC Constraints
Initializing timing engine
Parsing XDC File [D:/Documents/Project/Exp3/Exp3.srcs/constrs_1/new/top.xdc]
WARNING: [Vivado 12-507] No nets matched 'clk_IBUF'. [D:/Documents/Project/Exp3/Exp3.srcs/constrs_1/new/top.xdc:132]
CRITICAL WARNING: [Common 17-55] 'set_property' expects at least one object. [D:/Documents/Project/Exp3/Exp3.srcs/constrs_1/new/top.xdc:132]
Resolution: If [get_<value>] was used to populate the object, check to make sure this command returns at least one valid object.
WARNING: [Vivado 12-507] No nets matched 'clk_B_IBUF'. [D:/Documents/Project/Exp3/Exp3.srcs/constrs_1/new/top.xdc:137]
CRITICAL WARNING: [Common 17-55] 'set_property' expects at least one object. [D:/Documents/Project/Exp3/Exp3.srcs/constrs_1/new/top.xdc:137]
Resolution: If [get_<value>] was used to populate the object, check to make sure this command returns at least one valid object.
Finished Parsing XDC File [D:/Documents/Project/Exp3/Exp3.srcs/constrs_1/new/top.xdc]
INFO: [Project 1-236] Implementation specific constraints were found while reading constraint file [D:/Documents/Project/Exp3/Exp3.srcs/constrs_1/new/top.xdc]. These constraints will be ignored for synthesis but will be used in implementation. Impacted constraints are listed in the file [.Xil/top_propImpl.xdc].
Resolution: To avoid this warning, move constraints listed in [.Xil/top_propImpl.xdc] to another XDC file and exclude this new file from synthesis with the used_in_synthesis property (File Properties dialog in GUI) and re-run elaboration/synthesis.
Netlist sorting complete. Time (s): cpu = 00:00:00 ; elapsed = 00:00:00 . Memory (MB): peak = 812.082 ; gain = 0.000
Completed Processing XDC Constraints

Netlist sorting complete. Time (s): cpu = 00:00:00 ; elapsed = 00:00:00 . Memory (MB): peak = 812.082 ; gain = 0.000
INFO: [Project 1-111] Unisim Transformation Summary:
No Unisim elements were transformed.

Netlist sorting complete. Time (s): cpu = 00:00:00 ; elapsed = 00:00:00 . Memory (MB): peak = 812.082 ; gain = 0.000
Constraint Validation Runtime : Time (s): cpu = 00:00:00 ; elapsed = 00:00:00.003 . Memory (MB): peak = 812.082 ; gain = 0.000
---------------------------------------------------------------------------------
Finished Constraint Validation : Time (s): cpu = 00:00:07 ; elapsed = 00:00:17 . Memory (MB): peak = 812.082 ; gain = 479.605
---------------------------------------------------------------------------------
---------------------------------------------------------------------------------
Start Loading Part and Timing Information
---------------------------------------------------------------------------------
Loading part: xc7a100tfgg484-2L
---------------------------------------------------------------------------------
Finished Loading Part and Timing Information : Time (s): cpu = 00:00:07 ; elapsed = 00:00:17 . Memory (MB): peak = 812.082 ; gain = 479.605
---------------------------------------------------------------------------------
---------------------------------------------------------------------------------
Start Applying 'set_property' XDC Constraints
---------------------------------------------------------------------------------
---------------------------------------------------------------------------------
Finished applying 'set_property' XDC Constraints : Time (s): cpu = 00:00:07 ; elapsed = 00:00:17 . Memory (MB): peak = 812.082 ; gain = 479.605
---------------------------------------------------------------------------------
INFO: [Synth 8-5545] ROM "ZF0" won't be mapped to RAM because address size (32) is larger than maximum supported(25)
WARNING: [Synth 8-327] inferring latch for variable 'ALU_F_reg' [D:/Documents/Project/Exp3/Exp3.srcs/sources_1/new/ALU.v:19]
WARNING: [Synth 8-327] inferring latch for variable 'C_reg' [D:/Documents/Project/Exp3/Exp3.srcs/sources_1/new/ALU.v:19]
---------------------------------------------------------------------------------
Finished RTL Optimization Phase 2 : Time (s): cpu = 00:00:07 ; elapsed = 00:00:17 . Memory (MB): peak = 812.082 ; gain = 479.605
---------------------------------------------------------------------------------

Report RTL Partitions: 
+-+--------------+------------+----------+
| |RTL Partition |Replication |Instances |
+-+--------------+------------+----------+
+-+--------------+------------+----------+
---------------------------------------------------------------------------------
Start RTL Component Statistics 
---------------------------------------------------------------------------------
Detailed RTL Component Info : 
+---Adders : 
	   2 Input     33 Bit       Adders := 1     
	   3 Input     33 Bit       Adders := 1     
	   2 Input      3 Bit       Adders := 1     
+---XORs : 
	   2 Input     33 Bit         XORs := 1     
	   4 Input      1 Bit         XORs := 1     
+---Registers : 
	               32 Bit    Registers := 3     
	                3 Bit    Registers := 1     
+---Muxes : 
	   2 Input      1 Bit        Muxes := 1     
	  11 Input      1 Bit        Muxes := 1     
---------------------------------------------------------------------------------
Finished RTL Component Statistics 
---------------------------------------------------------------------------------
---------------------------------------------------------------------------------
Start RTL Hierarchical Component Statistics 
---------------------------------------------------------------------------------
Hierarchical RTL Component report 
Module register 
Detailed RTL Component Info : 
+---Registers : 
	               32 Bit    Registers := 1     
Module ALU 
Detailed RTL Component Info : 
+---Adders : 
	   2 Input     33 Bit       Adders := 1     
	   3 Input     33 Bit       Adders := 1     
+---XORs : 
	   2 Input     33 Bit         XORs := 1     
	   4 Input      1 Bit         XORs := 1     
+---Muxes : 
	   2 Input      1 Bit        Muxes := 1     
	  11 Input      1 Bit        Muxes := 1     
Module Display 
Detailed RTL Component Info : 
+---Adders : 
	   2 Input      3 Bit       Adders := 1     
+---Registers : 
	                3 Bit    Registers := 1     
---------------------------------------------------------------------------------
Finished RTL Hierarchical Component Statistics
---------------------------------------------------------------------------------
---------------------------------------------------------------------------------
Start Part Resource Summary
---------------------------------------------------------------------------------
Part Resources:
DSPs: 240 (col length:80)
BRAMs: 270 (col length: RAMB18 80 RAMB36 40)
---------------------------------------------------------------------------------
Finished Part Resource Summary
---------------------------------------------------------------------------------
---------------------------------------------------------------------------------
Start Cross Boundary and Area Optimization
---------------------------------------------------------------------------------
Warning: Parallel synthesis criteria is not met 
INFO: [Synth 8-5545] ROM "alu/ZF0" won't be mapped to RAM because address size (32) is larger than maximum supported(25)
WARNING: [Synth 8-3331] design top has unconnected port enable
CRITICAL WARNING: [Synth 8-6859] multi-driven net on pin Q with 1st driver pin 'regF/tout_reg[31]/Q' [D:/Documents/Project/Exp3/Exp3.srcs/sources_1/new/register.v:13]
CRITICAL WARNING: [Synth 8-6859] multi-driven net on pin Q with 2nd driver pin 'GND' [D:/Documents/Project/Exp3/Exp3.srcs/sources_1/new/register.v:13]
CRITICAL WARNING: [Synth 8-6858] multi-driven net Q is connected to at least one constant driver which has been preserved, other driver is ignored [D:/Documents/Project/Exp3/Exp3.srcs/sources_1/new/register.v:13]
CRITICAL WARNING: [Synth 8-6859] multi-driven net on pin Q with 1st driver pin 'regF/tout_reg[30]/Q' [D:/Documents/Project/Exp3/Exp3.srcs/sources_1/new/register.v:13]
CRITICAL WARNING: [Synth 8-6859] multi-driven net on pin Q with 2nd driver pin 'GND' [D:/Documents/Project/Exp3/Exp3.srcs/sources_1/new/register.v:13]
CRITICAL WARNING: [Synth 8-6858] multi-driven net Q is connected to at least one constant driver which has been preserved, other driver is ignored [D:/Documents/Project/Exp3/Exp3.srcs/sources_1/new/register.v:13]
CRITICAL WARNING: [Synth 8-6859] multi-driven net on pin Q with 1st driver pin 'regF/tout_reg[29]/Q' [D:/Documents/Project/Exp3/Exp3.srcs/sources_1/new/register.v:13]
CRITICAL WARNING: [Synth 8-6859] multi-driven net on pin Q with 2nd driver pin 'GND' [D:/Documents/Project/Exp3/Exp3.srcs/sources_1/new/register.v:13]
CRITICAL WARNING: [Synth 8-6858] multi-driven net Q is connected to at least one constant driver which has been preserved, other driver is ignored [D:/Documents/Project/Exp3/Exp3.srcs/sources_1/new/register.v:13]
CRITICAL WARNING: [Synth 8-6859] multi-driven net on pin Q with 1st driver pin 'regF/tout_reg[28]/Q' [D:/Documents/Project/Exp3/Exp3.srcs/sources_1/new/register.v:13]
CRITICAL WARNING: [Synth 8-6859] multi-driven net on pin Q with 2nd driver pin 'GND' [D:/Documents/Project/Exp3/Exp3.srcs/sources_1/new/register.v:13]
CRITICAL WARNING: [Synth 8-6858] multi-driven net Q is connected to at least one constant driver which has been preserved, other driver is ignored [D:/Documents/Project/Exp3/Exp3.srcs/sources_1/new/register.v:13]
CRITICAL WARNING: [Synth 8-6859] multi-driven net on pin Q with 1st driver pin 'regF/tout_reg[27]/Q' [D:/Documents/Project/Exp3/Exp3.srcs/sources_1/new/register.v:13]
CRITICAL WARNING: [Synth 8-6859] multi-driven net on pin Q with 2nd driver pin 'GND' [D:/Documents/Project/Exp3/Exp3.srcs/sources_1/new/register.v:13]
CRITICAL WARNING: [Synth 8-6858] multi-driven net Q is connected to at least one constant driver which has been preserved, other driver is ignored [D:/Documents/Project/Exp3/Exp3.srcs/sources_1/new/register.v:13]
CRITICAL WARNING: [Synth 8-6859] multi-driven net on pin Q with 1st driver pin 'regF/tout_reg[26]/Q' [D:/Documents/Project/Exp3/Exp3.srcs/sources_1/new/register.v:13]
CRITICAL WARNING: [Synth 8-6859] multi-driven net on pin Q with 2nd driver pin 'GND' [D:/Documents/Project/Exp3/Exp3.srcs/sources_1/new/register.v:13]
CRITICAL WARNING: [Synth 8-6858] multi-driven net Q is connected to at least one constant driver which has been preserved, other driver is ignored [D:/Documents/Project/Exp3/Exp3.srcs/sources_1/new/register.v:13]
CRITICAL WARNING: [Synth 8-6859] multi-driven net on pin Q with 1st driver pin 'regF/tout_reg[25]/Q' [D:/Documents/Project/Exp3/Exp3.srcs/sources_1/new/register.v:13]
CRITICAL WARNING: [Synth 8-6859] multi-driven net on pin Q with 2nd driver pin 'GND' [D:/Documents/Project/Exp3/Exp3.srcs/sources_1/new/register.v:13]
CRITICAL WARNING: [Synth 8-6858] multi-driven net Q is connected to at least one constant driver which has been preserved, other driver is ignored [D:/Documents/Project/Exp3/Exp3.srcs/sources_1/new/register.v:13]
CRITICAL WARNING: [Synth 8-6859] multi-driven net on pin Q with 1st driver pin 'regF/tout_reg[24]/Q' [D:/Documents/Project/Exp3/Exp3.srcs/sources_1/new/register.v:13]
CRITICAL WARNING: [Synth 8-6859] multi-driven net on pin Q with 2nd driver pin 'GND' [D:/Documents/Project/Exp3/Exp3.srcs/sources_1/new/register.v:13]
CRITICAL WARNING: [Synth 8-6858] multi-driven net Q is connected to at least one constant driver which has been preserved, other driver is ignored [D:/Documents/Project/Exp3/Exp3.srcs/sources_1/new/register.v:13]
CRITICAL WARNING: [Synth 8-6859] multi-driven net on pin Q with 1st driver pin 'regF/tout_reg[23]/Q' [D:/Documents/Project/Exp3/Exp3.srcs/sources_1/new/register.v:13]
CRITICAL WARNING: [Synth 8-6859] multi-driven net on pin Q with 2nd driver pin 'GND' [D:/Documents/Project/Exp3/Exp3.srcs/sources_1/new/register.v:13]
CRITICAL WARNING: [Synth 8-6858] multi-driven net Q is connected to at least one constant driver which has been preserved, other driver is ignored [D:/Documents/Project/Exp3/Exp3.srcs/sources_1/new/register.v:13]
CRITICAL WARNING: [Synth 8-6859] multi-driven net on pin Q with 1st driver pin 'regF/tout_reg[22]/Q' [D:/Documents/Project/Exp3/Exp3.srcs/sources_1/new/register.v:13]
CRITICAL WARNING: [Synth 8-6859] multi-driven net on pin Q with 2nd driver pin 'GND' [D:/Documents/Project/Exp3/Exp3.srcs/sources_1/new/register.v:13]
CRITICAL WARNING: [Synth 8-6858] multi-driven net Q is connected to at least one constant driver which has been preserved, other driver is ignored [D:/Documents/Project/Exp3/Exp3.srcs/sources_1/new/register.v:13]
CRITICAL WARNING: [Synth 8-6859] multi-driven net on pin Q with 1st driver pin 'regF/tout_reg[21]/Q' [D:/Documents/Project/Exp3/Exp3.srcs/sources_1/new/register.v:13]
CRITICAL WARNING: [Synth 8-6859] multi-driven net on pin Q with 2nd driver pin 'GND' [D:/Documents/Project/Exp3/Exp3.srcs/sources_1/new/register.v:13]
CRITICAL WARNING: [Synth 8-6858] multi-driven net Q is connected to at least one constant driver which has been preserved, other driver is ignored [D:/Documents/Project/Exp3/Exp3.srcs/sources_1/new/register.v:13]
CRITICAL WARNING: [Synth 8-6859] multi-driven net on pin Q with 1st driver pin 'regF/tout_reg[20]/Q' [D:/Documents/Project/Exp3/Exp3.srcs/sources_1/new/register.v:13]
CRITICAL WARNING: [Synth 8-6859] multi-driven net on pin Q with 2nd driver pin 'GND' [D:/Documents/Project/Exp3/Exp3.srcs/sources_1/new/register.v:13]
CRITICAL WARNING: [Synth 8-6858] multi-driven net Q is connected to at least one constant driver which has been preserved, other driver is ignored [D:/Documents/Project/Exp3/Exp3.srcs/sources_1/new/register.v:13]
CRITICAL WARNING: [Synth 8-6859] multi-driven net on pin Q with 1st driver pin 'regF/tout_reg[19]/Q' [D:/Documents/Project/Exp3/Exp3.srcs/sources_1/new/register.v:13]
CRITICAL WARNING: [Synth 8-6859] multi-driven net on pin Q with 2nd driver pin 'GND' [D:/Documents/Project/Exp3/Exp3.srcs/sources_1/new/register.v:13]
CRITICAL WARNING: [Synth 8-6858] multi-driven net Q is connected to at least one constant driver which has been preserved, other driver is ignored [D:/Documents/Project/Exp3/Exp3.srcs/sources_1/new/register.v:13]
CRITICAL WARNING: [Synth 8-6859] multi-driven net on pin Q with 1st driver pin 'regF/tout_reg[18]/Q' [D:/Documents/Project/Exp3/Exp3.srcs/sources_1/new/register.v:13]
CRITICAL WARNING: [Synth 8-6859] multi-driven net on pin Q with 2nd driver pin 'GND' [D:/Documents/Project/Exp3/Exp3.srcs/sources_1/new/register.v:13]
CRITICAL WARNING: [Synth 8-6858] multi-driven net Q is connected to at least one constant driver which has been preserved, other driver is ignored [D:/Documents/Project/Exp3/Exp3.srcs/sources_1/new/register.v:13]
CRITICAL WARNING: [Synth 8-6859] multi-driven net on pin Q with 1st driver pin 'regF/tout_reg[17]/Q' [D:/Documents/Project/Exp3/Exp3.srcs/sources_1/new/register.v:13]
CRITICAL WARNING: [Synth 8-6859] multi-driven net on pin Q with 2nd driver pin 'GND' [D:/Documents/Project/Exp3/Exp3.srcs/sources_1/new/register.v:13]
CRITICAL WARNING: [Synth 8-6858] multi-driven net Q is connected to at least one constant driver which has been preserved, other driver is ignored [D:/Documents/Project/Exp3/Exp3.srcs/sources_1/new/register.v:13]
CRITICAL WARNING: [Synth 8-6859] multi-driven net on pin Q with 1st driver pin 'regF/tout_reg[16]/Q' [D:/Documents/Project/Exp3/Exp3.srcs/sources_1/new/register.v:13]
CRITICAL WARNING: [Synth 8-6859] multi-driven net on pin Q with 2nd driver pin 'GND' [D:/Documents/Project/Exp3/Exp3.srcs/sources_1/new/register.v:13]
CRITICAL WARNING: [Synth 8-6858] multi-driven net Q is connected to at least one constant driver which has been preserved, other driver is ignored [D:/Documents/Project/Exp3/Exp3.srcs/sources_1/new/register.v:13]
CRITICAL WARNING: [Synth 8-6859] multi-driven net on pin Q with 1st driver pin 'regF/tout_reg[15]/Q' [D:/Documents/Project/Exp3/Exp3.srcs/sources_1/new/register.v:13]
CRITICAL WARNING: [Synth 8-6859] multi-driven net on pin Q with 2nd driver pin 'GND' [D:/Documents/Project/Exp3/Exp3.srcs/sources_1/new/register.v:13]
CRITICAL WARNING: [Synth 8-6858] multi-driven net Q is connected to at least one constant driver which has been preserved, other driver is ignored [D:/Documents/Project/Exp3/Exp3.srcs/sources_1/new/register.v:13]
CRITICAL WARNING: [Synth 8-6859] multi-driven net on pin Q with 1st driver pin 'regF/tout_reg[14]/Q' [D:/Documents/Project/Exp3/Exp3.srcs/sources_1/new/register.v:13]
CRITICAL WARNING: [Synth 8-6859] multi-driven net on pin Q with 2nd driver pin 'GND' [D:/Documents/Project/Exp3/Exp3.srcs/sources_1/new/register.v:13]
CRITICAL WARNING: [Synth 8-6858] multi-driven net Q is connected to at least one constant driver which has been preserved, other driver is ignored [D:/Documents/Project/Exp3/Exp3.srcs/sources_1/new/register.v:13]
CRITICAL WARNING: [Synth 8-6859] multi-driven net on pin Q with 1st driver pin 'regF/tout_reg[13]/Q' [D:/Documents/Project/Exp3/Exp3.srcs/sources_1/new/register.v:13]
CRITICAL WARNING: [Synth 8-6859] multi-driven net on pin Q with 2nd driver pin 'GND' [D:/Documents/Project/Exp3/Exp3.srcs/sources_1/new/register.v:13]
CRITICAL WARNING: [Synth 8-6858] multi-driven net Q is connected to at least one constant driver which has been preserved, other driver is ignored [D:/Documents/Project/Exp3/Exp3.srcs/sources_1/new/register.v:13]
CRITICAL WARNING: [Synth 8-6859] multi-driven net on pin Q with 1st driver pin 'regF/tout_reg[12]/Q' [D:/Documents/Project/Exp3/Exp3.srcs/sources_1/new/register.v:13]
CRITICAL WARNING: [Synth 8-6859] multi-driven net on pin Q with 2nd driver pin 'GND' [D:/Documents/Project/Exp3/Exp3.srcs/sources_1/new/register.v:13]
CRITICAL WARNING: [Synth 8-6858] multi-driven net Q is connected to at least one constant driver which has been preserved, other driver is ignored [D:/Documents/Project/Exp3/Exp3.srcs/sources_1/new/register.v:13]
CRITICAL WARNING: [Synth 8-6859] multi-driven net on pin Q with 1st driver pin 'regF/tout_reg[11]/Q' [D:/Documents/Project/Exp3/Exp3.srcs/sources_1/new/register.v:13]
CRITICAL WARNING: [Synth 8-6859] multi-driven net on pin Q with 2nd driver pin 'GND' [D:/Documents/Project/Exp3/Exp3.srcs/sources_1/new/register.v:13]
CRITICAL WARNING: [Synth 8-6858] multi-driven net Q is connected to at least one constant driver which has been preserved, other driver is ignored [D:/Documents/Project/Exp3/Exp3.srcs/sources_1/new/register.v:13]
CRITICAL WARNING: [Synth 8-6859] multi-driven net on pin Q with 1st driver pin 'regF/tout_reg[10]/Q' [D:/Documents/Project/Exp3/Exp3.srcs/sources_1/new/register.v:13]
CRITICAL WARNING: [Synth 8-6859] multi-driven net on pin Q with 2nd driver pin 'GND' [D:/Documents/Project/Exp3/Exp3.srcs/sources_1/new/register.v:13]
CRITICAL WARNING: [Synth 8-6858] multi-driven net Q is connected to at least one constant driver which has been preserved, other driver is ignored [D:/Documents/Project/Exp3/Exp3.srcs/sources_1/new/register.v:13]
CRITICAL WARNING: [Synth 8-6859] multi-driven net on pin Q with 1st driver pin 'regF/tout_reg[9]/Q' [D:/Documents/Project/Exp3/Exp3.srcs/sources_1/new/register.v:13]
CRITICAL WARNING: [Synth 8-6859] multi-driven net on pin Q with 2nd driver pin 'GND' [D:/Documents/Project/Exp3/Exp3.srcs/sources_1/new/register.v:13]
CRITICAL WARNING: [Synth 8-6858] multi-driven net Q is connected to at least one constant driver which has been preserved, other driver is ignored [D:/Documents/Project/Exp3/Exp3.srcs/sources_1/new/register.v:13]
CRITICAL WARNING: [Synth 8-6859] multi-driven net on pin Q with 1st driver pin 'regF/tout_reg[8]/Q' [D:/Documents/Project/Exp3/Exp3.srcs/sources_1/new/register.v:13]
CRITICAL WARNING: [Synth 8-6859] multi-driven net on pin Q with 2nd driver pin 'GND' [D:/Documents/Project/Exp3/Exp3.srcs/sources_1/new/register.v:13]
CRITICAL WARNING: [Synth 8-6858] multi-driven net Q is connected to at least one constant driver which has been preserved, other driver is ignored [D:/Documents/Project/Exp3/Exp3.srcs/sources_1/new/register.v:13]
CRITICAL WARNING: [Synth 8-6859] multi-driven net on pin Q with 1st driver pin 'regF/tout_reg[7]/Q' [D:/Documents/Project/Exp3/Exp3.srcs/sources_1/new/register.v:13]
CRITICAL WARNING: [Synth 8-6859] multi-driven net on pin Q with 2nd driver pin 'GND' [D:/Documents/Project/Exp3/Exp3.srcs/sources_1/new/register.v:13]
CRITICAL WARNING: [Synth 8-6858] multi-driven net Q is connected to at least one constant driver which has been preserved, other driver is ignored [D:/Documents/Project/Exp3/Exp3.srcs/sources_1/new/register.v:13]
CRITICAL WARNING: [Synth 8-6859] multi-driven net on pin Q with 1st driver pin 'regF/tout_reg[6]/Q' [D:/Documents/Project/Exp3/Exp3.srcs/sources_1/new/register.v:13]
CRITICAL WARNING: [Synth 8-6859] multi-driven net on pin Q with 2nd driver pin 'GND' [D:/Documents/Project/Exp3/Exp3.srcs/sources_1/new/register.v:13]
CRITICAL WARNING: [Synth 8-6858] multi-driven net Q is connected to at least one constant driver which has been preserved, other driver is ignored [D:/Documents/Project/Exp3/Exp3.srcs/sources_1/new/register.v:13]
CRITICAL WARNING: [Synth 8-6859] multi-driven net on pin Q with 1st driver pin 'regF/tout_reg[5]/Q' [D:/Documents/Project/Exp3/Exp3.srcs/sources_1/new/register.v:13]
CRITICAL WARNING: [Synth 8-6859] multi-driven net on pin Q with 2nd driver pin 'GND' [D:/Documents/Project/Exp3/Exp3.srcs/sources_1/new/register.v:13]
CRITICAL WARNING: [Synth 8-6858] multi-driven net Q is connected to at least one constant driver which has been preserved, other driver is ignored [D:/Documents/Project/Exp3/Exp3.srcs/sources_1/new/register.v:13]
CRITICAL WARNING: [Synth 8-6859] multi-driven net on pin Q with 1st driver pin 'regF/tout_reg[4]/Q' [D:/Documents/Project/Exp3/Exp3.srcs/sources_1/new/register.v:13]
CRITICAL WARNING: [Synth 8-6859] multi-driven net on pin Q with 2nd driver pin 'GND' [D:/Documents/Project/Exp3/Exp3.srcs/sources_1/new/register.v:13]
CRITICAL WARNING: [Synth 8-6858] multi-driven net Q is connected to at least one constant driver which has been preserved, other driver is ignored [D:/Documents/Project/Exp3/Exp3.srcs/sources_1/new/register.v:13]
CRITICAL WARNING: [Synth 8-6859] multi-driven net on pin Q with 1st driver pin 'regF/tout_reg[3]/Q' [D:/Documents/Project/Exp3/Exp3.srcs/sources_1/new/register.v:13]
CRITICAL WARNING: [Synth 8-6859] multi-driven net on pin Q with 2nd driver pin 'GND' [D:/Documents/Project/Exp3/Exp3.srcs/sources_1/new/register.v:13]
CRITICAL WARNING: [Synth 8-6858] multi-driven net Q is connected to at least one constant driver which has been preserved, other driver is ignored [D:/Documents/Project/Exp3/Exp3.srcs/sources_1/new/register.v:13]
CRITICAL WARNING: [Synth 8-6859] multi-driven net on pin Q with 1st driver pin 'regF/tout_reg[2]/Q' [D:/Documents/Project/Exp3/Exp3.srcs/sources_1/new/register.v:13]
CRITICAL WARNING: [Synth 8-6859] multi-driven net on pin Q with 2nd driver pin 'GND' [D:/Documents/Project/Exp3/Exp3.srcs/sources_1/new/register.v:13]
CRITICAL WARNING: [Synth 8-6858] multi-driven net Q is connected to at least one constant driver which has been preserved, other driver is ignored [D:/Documents/Project/Exp3/Exp3.srcs/sources_1/new/register.v:13]
CRITICAL WARNING: [Synth 8-6859] multi-driven net on pin Q with 1st driver pin 'regF/tout_reg[1]/Q' [D:/Documents/Project/Exp3/Exp3.srcs/sources_1/new/register.v:13]
CRITICAL WARNING: [Synth 8-6859] multi-driven net on pin Q with 2nd driver pin 'GND' [D:/Documents/Project/Exp3/Exp3.srcs/sources_1/new/register.v:13]
CRITICAL WARNING: [Synth 8-6858] multi-driven net Q is connected to at least one constant driver which has been preserved, other driver is ignored [D:/Documents/Project/Exp3/Exp3.srcs/sources_1/new/register.v:13]
CRITICAL WARNING: [Synth 8-6859] multi-driven net on pin Q with 1st driver pin 'regF/tout_reg[0]/Q' [D:/Documents/Project/Exp3/Exp3.srcs/sources_1/new/register.v:13]
CRITICAL WARNING: [Synth 8-6859] multi-driven net on pin Q with 2nd driver pin 'GND' [D:/Documents/Project/Exp3/Exp3.srcs/sources_1/new/register.v:13]
CRITICAL WARNING: [Synth 8-6858] multi-driven net Q is connected to at least one constant driver which has been preserved, other driver is ignored [D:/Documents/Project/Exp3/Exp3.srcs/sources_1/new/register.v:13]
WARNING: [Synth 8-3332] Sequential element (alu/ALU_F_reg[31]) is unused and will be removed from module top.
WARNING: [Synth 8-3332] Sequential element (alu/ALU_F_reg[30]) is unused and will be removed from module top.
WARNING: [Synth 8-3332] Sequential element (alu/ALU_F_reg[29]) is unused and will be removed from module top.
WARNING: [Synth 8-3332] Sequential element (alu/ALU_F_reg[28]) is unused and will be removed from module top.
WARNING: [Synth 8-3332] Sequential element (alu/ALU_F_reg[27]) is unused and will be removed from module top.
WARNING: [Synth 8-3332] Sequential element (alu/ALU_F_reg[26]) is unused and will be removed from module top.
WARNING: [Synth 8-3332] Sequential element (alu/ALU_F_reg[25]) is unused and will be removed from module top.
WARNING: [Synth 8-3332] Sequential element (alu/ALU_F_reg[24]) is unused and will be removed from module top.
WARNING: [Synth 8-3332] Sequential element (alu/ALU_F_reg[23]) is unused and will be removed from module top.
WARNING: [Synth 8-3332] Sequential element (alu/ALU_F_reg[22]) is unused and will be removed from module top.
WARNING: [Synth 8-3332] Sequential element (alu/ALU_F_reg[21]) is unused and will be removed from module top.
WARNING: [Synth 8-3332] Sequential element (alu/ALU_F_reg[20]) is unused and will be removed from module top.
WARNING: [Synth 8-3332] Sequential element (alu/ALU_F_reg[19]) is unused and will be removed from module top.
WARNING: [Synth 8-3332] Sequential element (alu/ALU_F_reg[18]) is unused and will be removed from module top.
WARNING: [Synth 8-3332] Sequential element (alu/ALU_F_reg[17]) is unused and will be removed from module top.
WARNING: [Synth 8-3332] Sequential element (alu/ALU_F_reg[16]) is unused and will be removed from module top.
WARNING: [Synth 8-3332] Sequential element (alu/ALU_F_reg[15]) is unused and will be removed from module top.
WARNING: [Synth 8-3332] Sequential element (alu/ALU_F_reg[14]) is unused and will be removed from module top.
WARNING: [Synth 8-3332] Sequential element (alu/ALU_F_reg[13]) is unused and will be removed from module top.
WARNING: [Synth 8-3332] Sequential element (alu/ALU_F_reg[12]) is unused and will be removed from module top.
WARNING: [Synth 8-3332] Sequential element (alu/ALU_F_reg[11]) is unused and will be removed from module top.
WARNING: [Synth 8-3332] Sequential element (alu/ALU_F_reg[10]) is unused and will be removed from module top.
WARNING: [Synth 8-3332] Sequential element (alu/ALU_F_reg[9]) is unused and will be removed from module top.
WARNING: [Synth 8-3332] Sequential element (alu/ALU_F_reg[8]) is unused and will be removed from module top.
WARNING: [Synth 8-3332] Sequential element (alu/ALU_F_reg[7]) is unused and will be removed from module top.
WARNING: [Synth 8-3332] Sequential element (alu/ALU_F_reg[6]) is unused and will be removed from module top.
WARNING: [Synth 8-3332] Sequential element (alu/ALU_F_reg[5]) is unused and will be removed from module top.
WARNING: [Synth 8-3332] Sequential element (alu/ALU_F_reg[4]) is unused and will be removed from module top.
WARNING: [Synth 8-3332] Sequential element (alu/ALU_F_reg[3]) is unused and will be removed from module top.
WARNING: [Synth 8-3332] Sequential element (alu/ALU_F_reg[2]) is unused and will be removed from module top.
WARNING: [Synth 8-3332] Sequential element (alu/ALU_F_reg[1]) is unused and will be removed from module top.
WARNING: [Synth 8-3332] Sequential element (alu/ALU_F_reg[0]) is unused and will be removed from module top.
---------------------------------------------------------------------------------
Finished Cross Boundary and Area Optimization : Time (s): cpu = 00:00:08 ; elapsed = 00:00:18 . Memory (MB): peak = 812.082 ; gain = 479.605
---------------------------------------------------------------------------------

Report RTL Partitions: 
+-+--------------+------------+----------+
| |RTL Partition |Replication |Instances |
+-+--------------+------------+----------+
+-+--------------+------------+----------+
---------------------------------------------------------------------------------
Start Applying XDC Timing Constraints
---------------------------------------------------------------------------------
---------------------------------------------------------------------------------
Finished Applying XDC Timing Constraints : Time (s): cpu = 00:00:13 ; elapsed = 00:00:28 . Memory (MB): peak = 826.672 ; gain = 494.195
---------------------------------------------------------------------------------
---------------------------------------------------------------------------------
Start Timing Optimization
---------------------------------------------------------------------------------
---------------------------------------------------------------------------------
Finished Timing Optimization : Time (s): cpu = 00:00:13 ; elapsed = 00:00:28 . Memory (MB): peak = 826.820 ; gain = 494.344
---------------------------------------------------------------------------------

Report RTL Partitions: 
+-+--------------+------------+----------+
| |RTL Partition |Replication |Instances |
+-+--------------+------------+----------+
+-+--------------+------------+----------+
---------------------------------------------------------------------------------
Start Technology Mapping
---------------------------------------------------------------------------------
---------------------------------------------------------------------------------
Finished Technology Mapping : Time (s): cpu = 00:00:13 ; elapsed = 00:00:28 . Memory (MB): peak = 836.945 ; gain = 504.469
---------------------------------------------------------------------------------

Report RTL Partitions: 
+-+--------------+------------+----------+
| |RTL Partition |Replication |Instances |
+-+--------------+------------+----------+
+-+--------------+------------+----------+
---------------------------------------------------------------------------------
Start IO Insertion
---------------------------------------------------------------------------------
---------------------------------------------------------------------------------
Start Flattening Before IO Insertion
---------------------------------------------------------------------------------
---------------------------------------------------------------------------------
Finished Flattening Before IO Insertion
---------------------------------------------------------------------------------
---------------------------------------------------------------------------------
Start Final Netlist Cleanup
---------------------------------------------------------------------------------
---------------------------------------------------------------------------------
Finished Final Netlist Cleanup
---------------------------------------------------------------------------------
---------------------------------------------------------------------------------
Finished IO Insertion : Time (s): cpu = 00:00:14 ; elapsed = 00:00:29 . Memory (MB): peak = 836.945 ; gain = 504.469
---------------------------------------------------------------------------------

Report Check Netlist: 
+------+------------------+-------+---------+-------+------------------+
|      |Item              |Errors |Warnings |Status |Description       |
+------+------------------+-------+---------+-------+------------------+
|1     |multi_driven_nets |      0|        0|Passed |Multi driven nets |
+------+------------------+-------+---------+-------+------------------+
---------------------------------------------------------------------------------
Start Renaming Generated Instances
---------------------------------------------------------------------------------
---------------------------------------------------------------------------------
Finished Renaming Generated Instances : Time (s): cpu = 00:00:14 ; elapsed = 00:00:29 . Memory (MB): peak = 836.945 ; gain = 504.469
---------------------------------------------------------------------------------

Report RTL Partitions: 
+-+--------------+------------+----------+
| |RTL Partition |Replication |Instances |
+-+--------------+------------+----------+
+-+--------------+------------+----------+
---------------------------------------------------------------------------------
Start Rebuilding User Hierarchy
---------------------------------------------------------------------------------
---------------------------------------------------------------------------------
Finished Rebuilding User Hierarchy : Time (s): cpu = 00:00:14 ; elapsed = 00:00:29 . Memory (MB): peak = 836.945 ; gain = 504.469
---------------------------------------------------------------------------------
---------------------------------------------------------------------------------
Start Renaming Generated Ports
---------------------------------------------------------------------------------
---------------------------------------------------------------------------------
Finished Renaming Generated Ports : Time (s): cpu = 00:00:14 ; elapsed = 00:00:29 . Memory (MB): peak = 836.945 ; gain = 504.469
---------------------------------------------------------------------------------
---------------------------------------------------------------------------------
Start Handling Custom Attributes
---------------------------------------------------------------------------------
---------------------------------------------------------------------------------
Finished Handling Custom Attributes : Time (s): cpu = 00:00:14 ; elapsed = 00:00:29 . Memory (MB): peak = 836.945 ; gain = 504.469
---------------------------------------------------------------------------------
---------------------------------------------------------------------------------
Start Renaming Generated Nets
---------------------------------------------------------------------------------
---------------------------------------------------------------------------------
Finished Renaming Generated Nets : Time (s): cpu = 00:00:14 ; elapsed = 00:00:29 . Memory (MB): peak = 836.945 ; gain = 504.469
---------------------------------------------------------------------------------
---------------------------------------------------------------------------------
Start Writing Synthesis Report
---------------------------------------------------------------------------------

Report BlackBoxes: 
+-+--------------+----------+
| |BlackBox name |Instances |
+-+--------------+----------+
+-+--------------+----------+

Report Cell Usage: 
+------+-------+------+
|      |Cell   |Count |
+------+-------+------+
|1     |BUFG   |     3|
|2     |CARRY4 |    20|
|3     |LUT1   |     3|
|4     |LUT2   |    65|
|5     |LUT3   |     2|
|6     |LUT4   |     1|
|7     |LUT5   |     4|
|8     |LUT6   |    15|
|9     |MUXF7  |     3|
|10    |FDCE   |    82|
|11    |LD     |     1|
|12    |IBUF   |    37|
|13    |OBUF   |    15|
|14    |OBUFT  |     1|
+------+-------+------+

Report Instance Areas: 
+------+---------+-----------+------+
|      |Instance |Module     |Cells |
+------+---------+-----------+------+
|1     |top      |           |   252|
|2     |  D      |Display    |    26|
|3     |  alu    |ALU        |    43|
|4     |  regA   |register   |    51|
|5     |  regB   |register_0 |    76|
+------+---------+-----------+------+
---------------------------------------------------------------------------------
Finished Writing Synthesis Report : Time (s): cpu = 00:00:14 ; elapsed = 00:00:29 . Memory (MB): peak = 836.945 ; gain = 504.469
---------------------------------------------------------------------------------
Synthesis finished with 0 errors, 96 critical warnings and 35 warnings.
Synthesis Optimization Runtime : Time (s): cpu = 00:00:08 ; elapsed = 00:00:21 . Memory (MB): peak = 836.945 ; gain = 178.801
Synthesis Optimization Complete : Time (s): cpu = 00:00:14 ; elapsed = 00:00:29 . Memory (MB): peak = 836.945 ; gain = 504.469
INFO: [Project 1-571] Translating synthesized netlist
INFO: [Netlist 29-17] Analyzing 24 Unisim elements for replacement
INFO: [Netlist 29-28] Unisim Transformation completed in 0 CPU seconds
INFO: [Project 1-570] Preparing netlist for logic optimization
INFO: [Opt 31-138] Pushed 0 inverter(s) to 0 load pin(s).
Netlist sorting complete. Time (s): cpu = 00:00:00 ; elapsed = 00:00:00 . Memory (MB): peak = 851.824 ; gain = 0.000
INFO: [Project 1-111] Unisim Transformation Summary:
  A total of 1 instances were transformed.
  LD => LDCE: 1 instances

INFO: [Common 17-83] Releasing license: Synthesis
23 Infos, 39 Warnings, 98 Critical Warnings and 0 Errors encountered.
synth_design completed successfully
synth_design: Time (s): cpu = 00:00:14 ; elapsed = 00:00:32 . Memory (MB): peak = 851.824 ; gain = 532.367
Netlist sorting complete. Time (s): cpu = 00:00:00 ; elapsed = 00:00:00 . Memory (MB): peak = 851.824 ; gain = 0.000
WARNING: [Constraints 18-5210] No constraints selected for write.
Resolution: This message can indicate that there are no constraints for the design, or it can indicate that the used_in flags are set such that the constraints are ignored. This later case is used when running synth_design to not write synthesis constraints to the resulting checkpoint. Instead, project constraints are read when the synthesized design is opened.
INFO: [Common 17-1381] The checkpoint 'D:/Documents/Project/Exp3/Exp3.runs/synth_1/top.dcp' has been generated.
INFO: [runtcl-4] Executing : report_utilization -file top_utilization_synth.rpt -pb top_utilization_synth.pb
INFO: [Common 17-206] Exiting Vivado at Wed Apr 24 12:11:30 2024...
