#-----------------------------------------------------------
# Vivado v2018.3 (64-bit)
# SW Build 2405991 on Thu Dec  6 23:38:27 MST 2018
# IP Build 2404404 on Fri Dec  7 01:43:56 MST 2018
# Start of session at: Sun Jun 23 15:20:46 2024
# Process ID: 20588
# Current directory: D:/Desktop/10_final/10_final
# Command line: vivado.exe -gui_launcher_event rodinguilauncherevent13632 D:\Desktop\10_final\10_final\10_final.xpr
# Log file: D:/Desktop/10_final/10_final/vivado.log
# Journal file: D:/Desktop/10_final/10_final\vivado.jou
#-----------------------------------------------------------
start_gui
open_project D:/Desktop/10_final/10_final/10_final.xpr
INFO: [Project 1-313] Project file moved from 'E:/university/jizushiyan/10_final' since last save.
Scanning sources...
Finished scanning sources
INFO: [IP_Flow 19-234] Refreshing IP repositories
INFO: [IP_Flow 19-1704] No user IP repositories specified
INFO: [IP_Flow 19-2313] Loaded Vivado IP repository 'D:/Xilinx/Vivado/2018.3/data/ip'.
open_project: Time (s): cpu = 00:00:05 ; elapsed = 00:00:08 . Memory (MB): peak = 831.629 ; gain = 212.215
update_compile_order -fileset sources_1
INFO: [Device 21-403] Loading part xc7a100tfgg484-2L
WARNING: [IP_Flow 19-4067] Ignoring invalid widget type specified checkbox.Providing a default widget
WARNING: [IP_Flow 19-4067] Ignoring invalid widget type specified checkbox.Providing a default widget
INFO: [IP_Flow 19-3484] Absolute path of file 'd:/Desktop/10_final/10_final/10_final.srcs/sources_1/ip/Data.coe' provided. It will be converted relative to IP Instance files '../../../../10_final.srcs/sources_1/ip/Data.coe'
INFO: [IP_Flow 19-3484] Absolute path of file 'd:/Desktop/10_final/10_final/10_final.srcs/sources_1/ip/DATA.coe' provided. It will be converted relative to IP Instance files '../../../../10_final.srcs/sources_1/ip/DATA.coe'
WARNING: [IP_Flow 19-4067] Ignoring invalid widget type specified checkbox.Providing a default widget
WARNING: [IP_Flow 19-4067] Ignoring invalid widget type specified checkbox.Providing a default widget
reset_run synth_1
reset_run RAM_I_synth_1
launch_runs impl_1 -to_step write_bitstream -jobs 8
INFO: [IP_Flow 19-1686] Generating 'Synthesis' target for IP 'RAM_I'...
[Sun Jun 23 15:27:44 2024] Launched RAM_I_synth_1, synth_1...
Run output will be captured here:
RAM_I_synth_1: D:/Desktop/10_final/10_final/10_final.runs/RAM_I_synth_1/runme.log
synth_1: D:/Desktop/10_final/10_final/10_final.runs/synth_1/runme.log
[Sun Jun 23 15:27:44 2024] Launched impl_1...
Run output will be captured here: D:/Desktop/10_final/10_final/10_final.runs/impl_1/runme.log
reset_run synth_1
launch_runs impl_1 -to_step write_bitstream -jobs 8
[Sun Jun 23 15:32:15 2024] Launched synth_1...
Run output will be captured here: D:/Desktop/10_final/10_final/10_final.runs/synth_1/runme.log
[Sun Jun 23 15:32:15 2024] Launched impl_1...
Run output will be captured here: D:/Desktop/10_final/10_final/10_final.runs/impl_1/runme.log
reset_run impl_1 -prev_step 
launch_runs impl_1 -to_step write_bitstream -jobs 8
[Sun Jun 23 15:40:19 2024] Launched impl_1...
Run output will be captured here: D:/Desktop/10_final/10_final/10_final.runs/impl_1/runme.log
WARNING: [IP_Flow 19-4067] Ignoring invalid widget type specified checkbox.Providing a default widget
WARNING: [IP_Flow 19-4067] Ignoring invalid widget type specified checkbox.Providing a default widget
WARNING: [IP_Flow 19-4067] Ignoring invalid widget type specified checkbox.Providing a default widget
WARNING: [IP_Flow 19-4067] Ignoring invalid widget type specified checkbox.Providing a default widget
WARNING: [IP_Flow 19-4067] Ignoring invalid widget type specified checkbox.Providing a default widget
WARNING: [IP_Flow 19-4067] Ignoring invalid widget type specified checkbox.Providing a default widget
INFO: [IP_Flow 19-3484] Absolute path of file 'd:/Documents/Project/Exp10/Exp8.coe' provided. It will be converted relative to IP Instance files '../../../../../../../Documents/Project/Exp10/Exp8.coe'
set_property -dict [list CONFIG.Coe_File {D:/Documents/Project/Exp10/Exp8.coe}] [get_ips RAM_I]
INFO: [IP_Flow 19-3484] Absolute path of file 'd:/Documents/Project/Exp10/Exp8.coe' provided. It will be converted relative to IP Instance files '../../../../../../../Documents/Project/Exp10/Exp8.coe'
generate_target all [get_files  D:/Desktop/10_final/10_final/10_final.srcs/sources_1/ip/RAM_I/RAM_I.xci]
INFO: [IP_Flow 19-1686] Generating 'Instantiation Template' target for IP 'RAM_I'...
INFO: [IP_Flow 19-1686] Generating 'Synthesis' target for IP 'RAM_I'...
INFO: [IP_Flow 19-1686] Generating 'Simulation' target for IP 'RAM_I'...
INFO: [IP_Flow 19-1686] Generating 'Miscellaneous' target for IP 'RAM_I'...
INFO: [IP_Flow 19-1686] Generating 'Change Log' target for IP 'RAM_I'...
catch { config_ip_cache -export [get_ips -all RAM_I] }
export_ip_user_files -of_objects [get_files D:/Desktop/10_final/10_final/10_final.srcs/sources_1/ip/RAM_I/RAM_I.xci] -no_script -sync -force -quiet
reset_run RAM_I_synth_1
launch_runs -jobs 8 RAM_I_synth_1
[Sun Jun 23 15:44:35 2024] Launched RAM_I_synth_1...
Run output will be captured here: D:/Desktop/10_final/10_final/10_final.runs/RAM_I_synth_1/runme.log
export_simulation -of_objects [get_files D:/Desktop/10_final/10_final/10_final.srcs/sources_1/ip/RAM_I/RAM_I.xci] -directory D:/Desktop/10_final/10_final/10_final.ip_user_files/sim_scripts -ip_user_files_dir D:/Desktop/10_final/10_final/10_final.ip_user_files -ipstatic_source_dir D:/Desktop/10_final/10_final/10_final.ip_user_files/ipstatic -lib_map_path [list {modelsim=D:/Desktop/10_final/10_final/10_final.cache/compile_simlib/modelsim} {questa=D:/Desktop/10_final/10_final/10_final.cache/compile_simlib/questa} {riviera=D:/Desktop/10_final/10_final/10_final.cache/compile_simlib/riviera} {activehdl=D:/Desktop/10_final/10_final/10_final.cache/compile_simlib/activehdl}] -use_ip_compiled_libs -force -quiet
reset_run synth_1
reset_run RAM_D_synth_1
launch_runs impl_1 -to_step write_bitstream -jobs 8
INFO: [IP_Flow 19-1686] Generating 'Synthesis' target for IP 'RAM_D'...
[Sun Jun 23 15:50:29 2024] Launched RAM_D_synth_1, synth_1...
Run output will be captured here:
RAM_D_synth_1: D:/Desktop/10_final/10_final/10_final.runs/RAM_D_synth_1/runme.log
synth_1: D:/Desktop/10_final/10_final/10_final.runs/synth_1/runme.log
[Sun Jun 23 15:50:29 2024] Launched impl_1...
Run output will be captured here: D:/Desktop/10_final/10_final/10_final.runs/impl_1/runme.log
launch_runs: Time (s): cpu = 00:00:00 ; elapsed = 00:00:09 . Memory (MB): peak = 1115.844 ; gain = 0.000
WARNING: [IP_Flow 19-4067] Ignoring invalid widget type specified checkbox.Providing a default widget
WARNING: [IP_Flow 19-4067] Ignoring invalid widget type specified checkbox.Providing a default widget
INFO: [IP_Flow 19-3484] Absolute path of file 'd:/Documents/Project/Exp10/DATA.coe' provided. It will be converted relative to IP Instance files '../../../../../../../Documents/Project/Exp10/DATA.coe'
set_property -dict [list CONFIG.Coe_File {D:/Documents/Project/Exp10/DATA.coe}] [get_ips RAM_D]
INFO: [IP_Flow 19-3484] Absolute path of file 'd:/Documents/Project/Exp10/DATA.coe' provided. It will be converted relative to IP Instance files '../../../../../../../Documents/Project/Exp10/DATA.coe'
generate_target all [get_files  D:/Desktop/10_final/10_final/10_final.srcs/sources_1/ip/RAM_D/RAM_D.xci]
INFO: [IP_Flow 19-1686] Generating 'Instantiation Template' target for IP 'RAM_D'...
INFO: [IP_Flow 19-1686] Generating 'Synthesis' target for IP 'RAM_D'...
INFO: [IP_Flow 19-1686] Generating 'Simulation' target for IP 'RAM_D'...
INFO: [IP_Flow 19-1686] Generating 'Miscellaneous' target for IP 'RAM_D'...
INFO: [IP_Flow 19-1686] Generating 'Change Log' target for IP 'RAM_D'...
catch { config_ip_cache -export [get_ips -all RAM_D] }
export_ip_user_files -of_objects [get_files D:/Desktop/10_final/10_final/10_final.srcs/sources_1/ip/RAM_D/RAM_D.xci] -no_script -sync -force -quiet
reset_run RAM_D_synth_1
launch_runs -jobs 8 RAM_D_synth_1
[Sun Jun 23 16:05:47 2024] Launched RAM_D_synth_1...
Run output will be captured here: D:/Desktop/10_final/10_final/10_final.runs/RAM_D_synth_1/runme.log
export_simulation -of_objects [get_files D:/Desktop/10_final/10_final/10_final.srcs/sources_1/ip/RAM_D/RAM_D.xci] -directory D:/Desktop/10_final/10_final/10_final.ip_user_files/sim_scripts -ip_user_files_dir D:/Desktop/10_final/10_final/10_final.ip_user_files -ipstatic_source_dir D:/Desktop/10_final/10_final/10_final.ip_user_files/ipstatic -lib_map_path [list {modelsim=D:/Desktop/10_final/10_final/10_final.cache/compile_simlib/modelsim} {questa=D:/Desktop/10_final/10_final/10_final.cache/compile_simlib/questa} {riviera=D:/Desktop/10_final/10_final/10_final.cache/compile_simlib/riviera} {activehdl=D:/Desktop/10_final/10_final/10_final.cache/compile_simlib/activehdl}] -use_ip_compiled_libs -force -quiet
exit
INFO: [Common 17-206] Exiting Vivado at Sun Jun 23 16:42:00 2024...
