#-----------------------------------------------------------
# Vivado v2018.3 (64-bit)
# SW Build 2405991 on Thu Dec  6 23:38:27 MST 2018
# IP Build 2404404 on Fri Dec  7 01:43:56 MST 2018
# Start of session at: Sun Jun 23 14:23:50 2024
# Process ID: 22972
# Current directory: D:/Desktop/10_final/10_final
# Command line: vivado.exe -gui_launcher_event rodinguilauncherevent17148 D:\Desktop\10_final\10_final\10_final.xpr
# Log file: D:/Desktop/10_final/10_final/vivado.log
# Journal file: D:/Desktop/10_final/10_final\vivado.jou
#-----------------------------------------------------------
start_gui
open_project D:/Desktop/10_final/10_final/10_final.xpr
INFO: [Project 1-313] Project file moved from 'E:/university/jizushiyan/10_final' since last save.
Scanning sources...
Finished scanning sources
INFO: [IP_Flow 19-234] Refreshing IP repositories
INFO: [IP_Flow 19-1704] No user IP repositories specified
INFO: [IP_Flow 19-2313] Loaded Vivado IP repository 'D:/Xilinx/Vivado/2018.3/data/ip'.
open_project: Time (s): cpu = 00:00:06 ; elapsed = 00:00:10 . Memory (MB): peak = 815.617 ; gain = 176.297
update_compile_order -fileset sources_1
exit
INFO: [Common 17-206] Exiting Vivado at Sun Jun 23 14:24:43 2024...
