Copyright 1986-2018 Xilinx, Inc. All Rights Reserved.
--------------------------------------------------------------------------------------------------------------------------------------------------------------------
| Tool Version : Vivado v.2018.3 (win64) Build 2405991 Thu Dec  6 23:38:27 MST 2018
| Date         : Wed Dec 20 11:19:54 2023
| Host         : Shadow-Light running 64-bit major release  (build 9200)
| Command      : report_methodology -file J_K_74LS76_methodology_drc_routed.rpt -pb J_K_74LS76_methodology_drc_routed.pb -rpx J_K_74LS76_methodology_drc_routed.rpx
| Design       : J_K_74LS76
| Device       : xc7a100tcsg324-2L
| Speed File   : -2L
| Design State : Fully Routed
--------------------------------------------------------------------------------------------------------------------------------------------------------------------

Report Methodology

Table of Contents
-----------------
1. REPORT SUMMARY
2. REPORT DETAILS

1. REPORT SUMMARY
-----------------
            Netlist: netlist
          Floorplan: checkpoint_J_K_74LS76
      Design limits: <entire design considered>
             Max violations: <unlimited>
             Violations found: 2
+-----------+----------+-----------------------------+------------+
| Rule      | Severity | Description                 | Violations |
+-----------+----------+-----------------------------+------------+
| TIMING-17 | Warning  | Non-clocked sequential cell | 2          |
+-----------+----------+-----------------------------+------------+

2. REPORT DETAILS
-----------------
TIMING-17#1 Warning
Non-clocked sequential cell  
The clock pin U1/Q_reg/C is not reached by a timing clock
Related violations: <none>

TIMING-17#2 Warning
Non-clocked sequential cell  
The clock pin U2/Q_reg/C is not reached by a timing clock
Related violations: <none>


