
*** Running vivado
    with args -log Top.vdi -applog -m64 -product Vivado -messageDb vivado.pb -mode batch -source Top.tcl -notrace


****** Vivado v2018.3 (64-bit)
  **** SW Build 2405991 on Thu Dec  6 23:38:27 MST 2018
  **** IP Build 2404404 on Fri Dec  7 01:43:56 MST 2018
    ** Copyright 1986-2018 Xilinx, Inc. All Rights Reserved.

source Top.tcl -notrace
Command: link_design -top Top -part xc7a100tfgg484-2L
Design is defaulting to srcset: sources_1
Design is defaulting to constrset: constrs_1
INFO: [Project 1-454] Reading design checkpoint 'd:/Documents/Project/Exp8/Exp8.srcs/sources_1/ip/RAM_Data/RAM_Data.dcp' for cell 'cpu/RAM_Data'
INFO: [Project 1-454] Reading design checkpoint 'd:/Documents/Project/Exp8/Exp8.srcs/sources_1/ip/IM/IM.dcp' for cell 'cpu/decoder/IM_B'
INFO: [Netlist 29-17] Analyzing 300 Unisim elements for replacement
INFO: [Netlist 29-28] Unisim Transformation completed in 0 CPU seconds
INFO: [Project 1-479] Netlist was created with Vivado 2018.3
INFO: [Device 21-403] Loading part xc7a100tfgg484-2L
INFO: [Project 1-570] Preparing netlist for logic optimization
Parsing XDC File [D:/Documents/Project/Exp8/Exp8.srcs/constrs_1/new/Top.xdc]
Finished Parsing XDC File [D:/Documents/Project/Exp8/Exp8.srcs/constrs_1/new/Top.xdc]
INFO: [Opt 31-138] Pushed 0 inverter(s) to 0 load pin(s).
Netlist sorting complete. Time (s): cpu = 00:00:00 ; elapsed = 00:00:00.001 . Memory (MB): peak = 699.430 ; gain = 0.000
INFO: [Project 1-111] Unisim Transformation Summary:
No Unisim elements were transformed.

9 Infos, 0 Warnings, 0 Critical Warnings and 0 Errors encountered.
link_design completed successfully
link_design: Time (s): cpu = 00:00:01 ; elapsed = 00:00:06 . Memory (MB): peak = 699.430 ; gain = 342.336
Command: opt_design
Attempting to get a license for feature 'Implementation' and/or device 'xc7a100t'
INFO: [Common 17-349] Got license for feature 'Implementation' and/or device 'xc7a100t'
Running DRC as a precondition to command opt_design

Starting DRC Task
INFO: [DRC 23-27] Running DRC with 2 threads
ERROR: [DRC MDRV-1] Multiple Driver Nets: Net cpu/decoder/PC_select_module/Q[0] has multiple drivers: cpu/decoder/PC_select_module/temp_reg[0]/Q, and cpu/decoder/pc_module/pc_reg[0]/Q.
ERROR: [DRC MDRV-1] Multiple Driver Nets: Net cpu/decoder/PC_select_module/Q[10] has multiple drivers: cpu/decoder/addr_module/pc_reg[12]_i_1/O[1], and cpu/decoder/PC_select_module/temp_reg[10]/Q.
ERROR: [DRC MDRV-1] Multiple Driver Nets: Net cpu/decoder/PC_select_module/Q[11] has multiple drivers: cpu/decoder/addr_module/pc_reg[12]_i_1/O[2], and cpu/decoder/PC_select_module/temp_reg[11]/Q.
ERROR: [DRC MDRV-1] Multiple Driver Nets: Net cpu/decoder/PC_select_module/Q[12] has multiple drivers: cpu/decoder/addr_module/pc_reg[12]_i_1/O[3], and cpu/decoder/PC_select_module/temp_reg[12]/Q.
ERROR: [DRC MDRV-1] Multiple Driver Nets: Net cpu/decoder/PC_select_module/Q[13] has multiple drivers: cpu/decoder/addr_module/pc_reg[16]_i_1/O[0], and cpu/decoder/PC_select_module/temp_reg[13]/Q.
ERROR: [DRC MDRV-1] Multiple Driver Nets: Net cpu/decoder/PC_select_module/Q[14] has multiple drivers: cpu/decoder/addr_module/pc_reg[16]_i_1/O[1], and cpu/decoder/PC_select_module/temp_reg[14]/Q.
ERROR: [DRC MDRV-1] Multiple Driver Nets: Net cpu/decoder/PC_select_module/Q[15] has multiple drivers: cpu/decoder/addr_module/pc_reg[16]_i_1/O[2], and cpu/decoder/PC_select_module/temp_reg[15]/Q.
ERROR: [DRC MDRV-1] Multiple Driver Nets: Net cpu/decoder/PC_select_module/Q[16] has multiple drivers: cpu/decoder/addr_module/pc_reg[16]_i_1/O[3], and cpu/decoder/PC_select_module/temp_reg[16]/Q.
ERROR: [DRC MDRV-1] Multiple Driver Nets: Net cpu/decoder/PC_select_module/Q[17] has multiple drivers: cpu/decoder/addr_module/pc_reg[20]_i_1/O[0], and cpu/decoder/PC_select_module/temp_reg[17]/Q.
ERROR: [DRC MDRV-1] Multiple Driver Nets: Net cpu/decoder/PC_select_module/Q[18] has multiple drivers: cpu/decoder/addr_module/pc_reg[20]_i_1/O[1], and cpu/decoder/PC_select_module/temp_reg[18]/Q.
ERROR: [DRC MDRV-1] Multiple Driver Nets: Net cpu/decoder/PC_select_module/Q[19] has multiple drivers: cpu/decoder/addr_module/pc_reg[20]_i_1/O[2], and cpu/decoder/PC_select_module/temp_reg[19]/Q.
ERROR: [DRC MDRV-1] Multiple Driver Nets: Net cpu/decoder/PC_select_module/Q[1] has multiple drivers: cpu/decoder/addr_module/pc_reg[4]_i_1/O[0], and cpu/decoder/PC_select_module/temp_reg[1]/Q.
ERROR: [DRC MDRV-1] Multiple Driver Nets: Net cpu/decoder/PC_select_module/Q[20] has multiple drivers: cpu/decoder/addr_module/pc_reg[20]_i_1/O[3], and cpu/decoder/PC_select_module/temp_reg[20]/Q.
ERROR: [DRC MDRV-1] Multiple Driver Nets: Net cpu/decoder/PC_select_module/Q[21] has multiple drivers: cpu/decoder/addr_module/pc_reg[24]_i_1/O[0], and cpu/decoder/PC_select_module/temp_reg[21]/Q.
ERROR: [DRC MDRV-1] Multiple Driver Nets: Net cpu/decoder/PC_select_module/Q[22] has multiple drivers: cpu/decoder/addr_module/pc_reg[24]_i_1/O[1], and cpu/decoder/PC_select_module/temp_reg[22]/Q.
ERROR: [DRC MDRV-1] Multiple Driver Nets: Net cpu/decoder/PC_select_module/Q[23] has multiple drivers: cpu/decoder/addr_module/pc_reg[24]_i_1/O[2], and cpu/decoder/PC_select_module/temp_reg[23]/Q.
ERROR: [DRC MDRV-1] Multiple Driver Nets: Net cpu/decoder/PC_select_module/Q[24] has multiple drivers: cpu/decoder/addr_module/pc_reg[24]_i_1/O[3], and cpu/decoder/PC_select_module/temp_reg[24]/Q.
ERROR: [DRC MDRV-1] Multiple Driver Nets: Net cpu/decoder/PC_select_module/Q[25] has multiple drivers: cpu/decoder/addr_module/pc_reg[28]_i_1/O[0], and cpu/decoder/PC_select_module/temp_reg[25]/Q.
ERROR: [DRC MDRV-1] Multiple Driver Nets: Net cpu/decoder/PC_select_module/Q[26] has multiple drivers: cpu/decoder/addr_module/pc_reg[28]_i_1/O[1], and cpu/decoder/PC_select_module/temp_reg[26]/Q.
ERROR: [DRC MDRV-1] Multiple Driver Nets: Net cpu/decoder/PC_select_module/Q[27] has multiple drivers: cpu/decoder/addr_module/pc_reg[28]_i_1/O[2], and cpu/decoder/PC_select_module/temp_reg[27]/Q.
ERROR: [DRC MDRV-1] Multiple Driver Nets: Net cpu/decoder/PC_select_module/Q[28] has multiple drivers: cpu/decoder/addr_module/pc_reg[28]_i_1/O[3], and cpu/decoder/PC_select_module/temp_reg[28]/Q.
ERROR: [DRC MDRV-1] Multiple Driver Nets: Net cpu/decoder/PC_select_module/Q[29] has multiple drivers: cpu/decoder/addr_module/pc_reg[31]_i_1/O[0], and cpu/decoder/PC_select_module/temp_reg[29]/Q.
ERROR: [DRC MDRV-1] Multiple Driver Nets: Net cpu/decoder/PC_select_module/Q[2] has multiple drivers: cpu/decoder/addr_module/pc_reg[4]_i_1/O[1], and cpu/decoder/PC_select_module/temp_reg[2]/Q.
ERROR: [DRC MDRV-1] Multiple Driver Nets: Net cpu/decoder/PC_select_module/Q[30] has multiple drivers: cpu/decoder/addr_module/pc_reg[31]_i_1/O[1], and cpu/decoder/PC_select_module/temp_reg[30]/Q.
ERROR: [DRC MDRV-1] Multiple Driver Nets: Net cpu/decoder/PC_select_module/Q[31] has multiple drivers: cpu/decoder/addr_module/pc_reg[31]_i_1/O[2], and cpu/decoder/PC_select_module/temp_reg[31]/Q.
ERROR: [DRC MDRV-1] Multiple Driver Nets: Net cpu/decoder/PC_select_module/Q[3] has multiple drivers: cpu/decoder/addr_module/pc_reg[4]_i_1/O[2], and cpu/decoder/PC_select_module/temp_reg[3]/Q.
ERROR: [DRC MDRV-1] Multiple Driver Nets: Net cpu/decoder/PC_select_module/Q[4] has multiple drivers: cpu/decoder/addr_module/pc_reg[4]_i_1/O[3], and cpu/decoder/PC_select_module/temp_reg[4]/Q.
ERROR: [DRC MDRV-1] Multiple Driver Nets: Net cpu/decoder/PC_select_module/Q[5] has multiple drivers: cpu/decoder/addr_module/pc_reg[8]_i_1/O[0], and cpu/decoder/PC_select_module/temp_reg[5]/Q.
ERROR: [DRC MDRV-1] Multiple Driver Nets: Net cpu/decoder/PC_select_module/Q[6] has multiple drivers: cpu/decoder/addr_module/pc_reg[8]_i_1/O[1], and cpu/decoder/PC_select_module/temp_reg[6]/Q.
ERROR: [DRC MDRV-1] Multiple Driver Nets: Net cpu/decoder/PC_select_module/Q[7] has multiple drivers: cpu/decoder/addr_module/pc_reg[8]_i_1/O[2], and cpu/decoder/PC_select_module/temp_reg[7]/Q.
ERROR: [DRC MDRV-1] Multiple Driver Nets: Net cpu/decoder/PC_select_module/Q[8] has multiple drivers: cpu/decoder/addr_module/pc_reg[8]_i_1/O[3], and cpu/decoder/PC_select_module/temp_reg[8]/Q.
ERROR: [DRC MDRV-1] Multiple Driver Nets: Net cpu/decoder/PC_select_module/Q[9] has multiple drivers: cpu/decoder/addr_module/pc_reg[12]_i_1/O[0], and cpu/decoder/PC_select_module/temp_reg[9]/Q.
INFO: [Project 1-461] DRC finished with 32 Errors
INFO: [Project 1-462] Please refer to the DRC report (report_drc) for more information.
ERROR: [Vivado_Tcl 4-78] Error(s) found during DRC. Opt_design not run.

Time (s): cpu = 00:00:00 ; elapsed = 00:00:00.558 . Memory (MB): peak = 714.566 ; gain = 15.137
INFO: [Common 17-83] Releasing license: Implementation
14 Infos, 0 Warnings, 0 Critical Warnings and 33 Errors encountered.
opt_design failed
ERROR: [Common 17-39] 'opt_design' failed due to earlier errors.

INFO: [Common 17-206] Exiting Vivado at Mon Jun 17 23:54:00 2024...
