
*** Running vivado
    with args -log Top.vds -m64 -product Vivado -mode batch -messageDb vivado.pb -notrace -source Top.tcl


****** Vivado v2018.3 (64-bit)
  **** SW Build 2405991 on Thu Dec  6 23:38:27 MST 2018
  **** IP Build 2404404 on Fri Dec  7 01:43:56 MST 2018
    ** Copyright 1986-2018 Xilinx, Inc. All Rights Reserved.

source Top.tcl -notrace
Command: synth_design -top Top -part xc7a100tfgg484-2L
Starting synth_design
Attempting to get a license for feature 'Synthesis' and/or device 'xc7a100t'
INFO: [Common 17-349] Got license for feature 'Synthesis' and/or device 'xc7a100t'
INFO: Launching helper process for spawning children vivado processes
INFO: Helper process launched with PID 19460 
---------------------------------------------------------------------------------
Starting RTL Elaboration : Time (s): cpu = 00:00:01 ; elapsed = 00:00:03 . Memory (MB): peak = 467.656 ; gain = 101.211
---------------------------------------------------------------------------------
INFO: [Synth 8-6157] synthesizing module 'Top' [D:/Desktop/10_final/10_final/10_final.srcs/sources_1/new/CPU.v:24]
INFO: [Synth 8-6157] synthesizing module 'RAM_I' [D:/Desktop/10_final/10_final/10_final.runs/synth_1/.Xil/Vivado-27452-Shadow-Light/realtime/RAM_I_stub.v:6]
INFO: [Synth 8-6155] done synthesizing module 'RAM_I' (1#1) [D:/Desktop/10_final/10_final/10_final.runs/synth_1/.Xil/Vivado-27452-Shadow-Light/realtime/RAM_I_stub.v:6]
INFO: [Synth 8-6157] synthesizing module 'ID1' [D:/Desktop/10_final/10_final/10_final.srcs/sources_1/new/ID1.v:22]
INFO: [Synth 8-155] case statement is not full and has no default [D:/Desktop/10_final/10_final/10_final.srcs/sources_1/new/ID1.v:33]
INFO: [Synth 8-6157] synthesizing module 'ImmU' [D:/Desktop/10_final/10_final/10_final.srcs/sources_1/new/ImmU.v:24]
INFO: [Synth 8-155] case statement is not full and has no default [D:/Desktop/10_final/10_final/10_final.srcs/sources_1/new/ImmU.v:31]
INFO: [Synth 8-6155] done synthesizing module 'ImmU' (2#1) [D:/Desktop/10_final/10_final/10_final.srcs/sources_1/new/ImmU.v:24]
INFO: [Synth 8-6155] done synthesizing module 'ID1' (3#1) [D:/Desktop/10_final/10_final/10_final.srcs/sources_1/new/ID1.v:22]
WARNING: [Synth 8-689] width (5) of port connection 'rs1' does not match port width (6) of module 'ID1' [D:/Desktop/10_final/10_final/10_final.srcs/sources_1/new/CPU.v:107]
WARNING: [Synth 8-689] width (5) of port connection 'rs2' does not match port width (6) of module 'ID1' [D:/Desktop/10_final/10_final/10_final.srcs/sources_1/new/CPU.v:107]
WARNING: [Synth 8-689] width (5) of port connection 'rd' does not match port width (6) of module 'ID1' [D:/Desktop/10_final/10_final/10_final.srcs/sources_1/new/CPU.v:107]
WARNING: [Synth 8-689] width (5) of port connection 'funct3' does not match port width (6) of module 'ID1' [D:/Desktop/10_final/10_final/10_final.srcs/sources_1/new/CPU.v:107]
WARNING: [Synth 8-689] width (5) of port connection 'funct7' does not match port width (6) of module 'ID1' [D:/Desktop/10_final/10_final/10_final.srcs/sources_1/new/CPU.v:107]
INFO: [Synth 8-6157] synthesizing module 'ID2' [D:/Desktop/10_final/10_final/10_final.srcs/sources_1/new/ID2.v:23]
INFO: [Synth 8-6155] done synthesizing module 'ID2' (4#1) [D:/Desktop/10_final/10_final/10_final.srcs/sources_1/new/ID2.v:23]
INFO: [Synth 8-6157] synthesizing module 'CU' [D:/Desktop/10_final/10_final/10_final.srcs/sources_1/new/CU.v:23]
INFO: [Synth 8-155] case statement is not full and has no default [D:/Desktop/10_final/10_final/10_final.srcs/sources_1/new/CU.v:128]
INFO: [Synth 8-6155] done synthesizing module 'CU' (5#1) [D:/Desktop/10_final/10_final/10_final.srcs/sources_1/new/CU.v:23]
INFO: [Synth 8-6157] synthesizing module 'Regs' [D:/Desktop/10_final/10_final/10_final.srcs/sources_1/new/Regs.v:21]
INFO: [Synth 8-6155] done synthesizing module 'Regs' (6#1) [D:/Desktop/10_final/10_final/10_final.srcs/sources_1/new/Regs.v:21]
INFO: [Synth 8-6157] synthesizing module 'ALU' [D:/Desktop/10_final/10_final/10_final.srcs/sources_1/new/ALU.v:22]
INFO: [Synth 8-155] case statement is not full and has no default [D:/Desktop/10_final/10_final/10_final.srcs/sources_1/new/ALU.v:37]
INFO: [Synth 8-6155] done synthesizing module 'ALU' (7#1) [D:/Desktop/10_final/10_final/10_final.srcs/sources_1/new/ALU.v:22]
INFO: [Synth 8-6157] synthesizing module 'RAM_D' [D:/Desktop/10_final/10_final/10_final.runs/synth_1/.Xil/Vivado-27452-Shadow-Light/realtime/RAM_D_stub.v:6]
INFO: [Synth 8-6155] done synthesizing module 'RAM_D' (8#1) [D:/Desktop/10_final/10_final/10_final.runs/synth_1/.Xil/Vivado-27452-Shadow-Light/realtime/RAM_D_stub.v:6]
INFO: [Synth 8-6157] synthesizing module 'Display' [D:/Desktop/10_final/10_final/10_final.srcs/sources_1/new/Display.v:23]
INFO: [Synth 8-6155] done synthesizing module 'Display' (9#1) [D:/Desktop/10_final/10_final/10_final.srcs/sources_1/new/Display.v:23]
INFO: [Synth 8-6155] done synthesizing module 'Top' (10#1) [D:/Desktop/10_final/10_final/10_final.srcs/sources_1/new/CPU.v:24]
WARNING: [Synth 8-3917] design Top has port EN driven by constant 1
WARNING: [Synth 8-3331] design CU has unconnected port IS_JALR
WARNING: [Synth 8-3331] design ID2 has unconnected port funct3[5]
WARNING: [Synth 8-3331] design ID2 has unconnected port funct3[4]
WARNING: [Synth 8-3331] design ID2 has unconnected port funct7[5]
WARNING: [Synth 8-3331] design ID2 has unconnected port funct7[4]
WARNING: [Synth 8-3331] design ID2 has unconnected port funct7[3]
WARNING: [Synth 8-3331] design ID2 has unconnected port funct7[2]
WARNING: [Synth 8-3331] design ID2 has unconnected port funct7[1]
WARNING: [Synth 8-3331] design ID2 has unconnected port funct7[0]
WARNING: [Synth 8-3331] design ImmU has unconnected port inst[6]
WARNING: [Synth 8-3331] design ImmU has unconnected port inst[5]
WARNING: [Synth 8-3331] design ImmU has unconnected port inst[4]
WARNING: [Synth 8-3331] design ImmU has unconnected port inst[3]
WARNING: [Synth 8-3331] design ImmU has unconnected port inst[2]
WARNING: [Synth 8-3331] design ImmU has unconnected port inst[1]
WARNING: [Synth 8-3331] design ImmU has unconnected port inst[0]
---------------------------------------------------------------------------------
Finished RTL Elaboration : Time (s): cpu = 00:00:01 ; elapsed = 00:00:04 . Memory (MB): peak = 524.203 ; gain = 157.758
---------------------------------------------------------------------------------

Report Check Netlist: 
+------+------------------+-------+---------+-------+------------------+
|      |Item              |Errors |Warnings |Status |Description       |
+------+------------------+-------+---------+-------+------------------+
|1     |multi_driven_nets |      0|        0|Passed |Multi driven nets |
+------+------------------+-------+---------+-------+------------------+
---------------------------------------------------------------------------------
Start Handling Custom Attributes
---------------------------------------------------------------------------------
---------------------------------------------------------------------------------
Finished Handling Custom Attributes : Time (s): cpu = 00:00:01 ; elapsed = 00:00:04 . Memory (MB): peak = 524.203 ; gain = 157.758
---------------------------------------------------------------------------------
---------------------------------------------------------------------------------
Finished RTL Optimization Phase 1 : Time (s): cpu = 00:00:01 ; elapsed = 00:00:04 . Memory (MB): peak = 524.203 ; gain = 157.758
---------------------------------------------------------------------------------
INFO: [Device 21-403] Loading part xc7a100tfgg484-2L
INFO: [Project 1-570] Preparing netlist for logic optimization

Processing XDC Constraints
Initializing timing engine
Parsing XDC File [d:/Desktop/10_final/10_final/10_final.srcs/sources_1/ip/RAM_I/RAM_I/RAM_I_in_context.xdc] for cell 'IM'
Finished Parsing XDC File [d:/Desktop/10_final/10_final/10_final.srcs/sources_1/ip/RAM_I/RAM_I/RAM_I_in_context.xdc] for cell 'IM'
Parsing XDC File [d:/Desktop/10_final/10_final/10_final.srcs/sources_1/ip/RAM_D/RAM_D/RAM_D_in_context.xdc] for cell 'uut6'
Finished Parsing XDC File [d:/Desktop/10_final/10_final/10_final.srcs/sources_1/ip/RAM_D/RAM_D/RAM_D_in_context.xdc] for cell 'uut6'
Parsing XDC File [D:/Desktop/10_final/10_final/10_final.srcs/constrs_1/new/yueshu.xdc]
Finished Parsing XDC File [D:/Desktop/10_final/10_final/10_final.srcs/constrs_1/new/yueshu.xdc]
INFO: [Project 1-236] Implementation specific constraints were found while reading constraint file [D:/Desktop/10_final/10_final/10_final.srcs/constrs_1/new/yueshu.xdc]. These constraints will be ignored for synthesis but will be used in implementation. Impacted constraints are listed in the file [.Xil/Top_propImpl.xdc].
Resolution: To avoid this warning, move constraints listed in [.Xil/Top_propImpl.xdc] to another XDC file and exclude this new file from synthesis with the used_in_synthesis property (File Properties dialog in GUI) and re-run elaboration/synthesis.
Netlist sorting complete. Time (s): cpu = 00:00:00 ; elapsed = 00:00:00.001 . Memory (MB): peak = 875.230 ; gain = 0.000
Completed Processing XDC Constraints

Netlist sorting complete. Time (s): cpu = 00:00:00 ; elapsed = 00:00:00.001 . Memory (MB): peak = 875.230 ; gain = 0.000
INFO: [Project 1-111] Unisim Transformation Summary:
No Unisim elements were transformed.

Netlist sorting complete. Time (s): cpu = 00:00:00 ; elapsed = 00:00:00.001 . Memory (MB): peak = 875.230 ; gain = 0.000
Constraint Validation Runtime : Time (s): cpu = 00:00:00 ; elapsed = 00:00:00.009 . Memory (MB): peak = 875.230 ; gain = 0.000
---------------------------------------------------------------------------------
Finished Constraint Validation : Time (s): cpu = 00:00:05 ; elapsed = 00:00:18 . Memory (MB): peak = 875.230 ; gain = 508.785
---------------------------------------------------------------------------------
---------------------------------------------------------------------------------
Start Loading Part and Timing Information
---------------------------------------------------------------------------------
Loading part: xc7a100tfgg484-2L
---------------------------------------------------------------------------------
Finished Loading Part and Timing Information : Time (s): cpu = 00:00:05 ; elapsed = 00:00:18 . Memory (MB): peak = 875.230 ; gain = 508.785
---------------------------------------------------------------------------------
---------------------------------------------------------------------------------
Start Applying 'set_property' XDC Constraints
---------------------------------------------------------------------------------
Applied set_property DONT_TOUCH = true for IM. (constraint file  auto generated constraint, line ).
Applied set_property DONT_TOUCH = true for uut6. (constraint file  auto generated constraint, line ).
---------------------------------------------------------------------------------
Finished applying 'set_property' XDC Constraints : Time (s): cpu = 00:00:05 ; elapsed = 00:00:18 . Memory (MB): peak = 875.230 ; gain = 508.785
---------------------------------------------------------------------------------
INFO: [Synth 8-5546] ROM "inst_Type" won't be mapped to RAM because it is too sparse
INFO: [Synth 8-5546] ROM "IS_R0" won't be mapped to RAM because it is too sparse
INFO: [Synth 8-5546] ROM "IS_IMM0" won't be mapped to RAM because it is too sparse
INFO: [Synth 8-5546] ROM "IS_LUI0" won't be mapped to RAM because it is too sparse
INFO: [Synth 8-5546] ROM "IS_LW0" won't be mapped to RAM because it is too sparse
INFO: [Synth 8-5546] ROM "IS_SW0" won't be mapped to RAM because it is too sparse
INFO: [Synth 8-5546] ROM "IS_BEQ0" won't be mapped to RAM because it is too sparse
INFO: [Synth 8-5546] ROM "IS_JAL0" won't be mapped to RAM because it is too sparse
INFO: [Synth 8-5546] ROM "IS_JALR0" won't be mapped to RAM because it is too sparse
INFO: [Synth 8-4471] merging register 'IR_write_reg' into 'PC0_write_reg' [D:/Desktop/10_final/10_final/10_final.srcs/sources_1/new/CU.v:121]
INFO: [Synth 8-802] inferred FSM for state register 'ST_reg' in module 'CU'
INFO: [Synth 8-5544] ROM "Next_ST" won't be mapped to Block RAM because address size (1) smaller than threshold (5)
INFO: [Synth 8-5544] ROM "Next_ST" won't be mapped to Block RAM because address size (1) smaller than threshold (5)
INFO: [Synth 8-5544] ROM "Next_ST" won't be mapped to Block RAM because address size (1) smaller than threshold (5)
INFO: [Synth 8-5546] ROM "REG_Files_reg[0]" won't be mapped to RAM because it is too sparse
INFO: [Synth 8-5546] ROM "REG_Files_reg[1]" won't be mapped to RAM because it is too sparse
INFO: [Synth 8-5546] ROM "REG_Files_reg[2]" won't be mapped to RAM because it is too sparse
INFO: [Synth 8-5546] ROM "REG_Files_reg[3]" won't be mapped to RAM because it is too sparse
INFO: [Synth 8-5546] ROM "REG_Files_reg[4]" won't be mapped to RAM because it is too sparse
INFO: [Synth 8-5546] ROM "REG_Files_reg[5]" won't be mapped to RAM because it is too sparse
INFO: [Synth 8-5546] ROM "REG_Files_reg[6]" won't be mapped to RAM because it is too sparse
INFO: [Synth 8-5546] ROM "REG_Files_reg[7]" won't be mapped to RAM because it is too sparse
INFO: [Synth 8-5546] ROM "REG_Files_reg[8]" won't be mapped to RAM because it is too sparse
INFO: [Synth 8-5546] ROM "REG_Files_reg[9]" won't be mapped to RAM because it is too sparse
INFO: [Synth 8-5546] ROM "REG_Files_reg[10]" won't be mapped to RAM because it is too sparse
INFO: [Synth 8-5546] ROM "REG_Files_reg[11]" won't be mapped to RAM because it is too sparse
INFO: [Synth 8-5546] ROM "REG_Files_reg[12]" won't be mapped to RAM because it is too sparse
INFO: [Synth 8-5546] ROM "REG_Files_reg[13]" won't be mapped to RAM because it is too sparse
INFO: [Synth 8-5546] ROM "REG_Files_reg[14]" won't be mapped to RAM because it is too sparse
INFO: [Synth 8-5546] ROM "REG_Files_reg[15]" won't be mapped to RAM because it is too sparse
INFO: [Synth 8-5546] ROM "REG_Files_reg[16]" won't be mapped to RAM because it is too sparse
INFO: [Synth 8-5546] ROM "REG_Files_reg[17]" won't be mapped to RAM because it is too sparse
INFO: [Synth 8-5546] ROM "REG_Files_reg[18]" won't be mapped to RAM because it is too sparse
INFO: [Synth 8-5546] ROM "REG_Files_reg[19]" won't be mapped to RAM because it is too sparse
INFO: [Synth 8-5546] ROM "REG_Files_reg[20]" won't be mapped to RAM because it is too sparse
INFO: [Synth 8-5546] ROM "REG_Files_reg[21]" won't be mapped to RAM because it is too sparse
INFO: [Synth 8-5546] ROM "REG_Files_reg[22]" won't be mapped to RAM because it is too sparse
INFO: [Synth 8-5546] ROM "REG_Files_reg[23]" won't be mapped to RAM because it is too sparse
INFO: [Synth 8-5546] ROM "REG_Files_reg[24]" won't be mapped to RAM because it is too sparse
INFO: [Synth 8-5546] ROM "REG_Files_reg[25]" won't be mapped to RAM because it is too sparse
INFO: [Synth 8-5546] ROM "REG_Files_reg[26]" won't be mapped to RAM because it is too sparse
INFO: [Synth 8-5546] ROM "REG_Files_reg[27]" won't be mapped to RAM because it is too sparse
INFO: [Synth 8-5546] ROM "REG_Files_reg[28]" won't be mapped to RAM because it is too sparse
INFO: [Synth 8-5546] ROM "REG_Files_reg[29]" won't be mapped to RAM because it is too sparse
INFO: [Synth 8-5546] ROM "REG_Files_reg[30]" won't be mapped to RAM because it is too sparse
INFO: [Synth 8-5546] ROM "REG_Files_reg[31]" won't be mapped to RAM because it is too sparse
WARNING: [Synth 8-327] inferring latch for variable 'imm32_reg' [D:/Desktop/10_final/10_final/10_final.srcs/sources_1/new/ImmU.v:36]
WARNING: [Synth 8-327] inferring latch for variable 'inst_Type_reg' [D:/Desktop/10_final/10_final/10_final.srcs/sources_1/new/ID1.v:34]
WARNING: [Synth 8-327] inferring latch for variable 'ALU_OP_reg' [D:/Desktop/10_final/10_final/10_final.srcs/sources_1/new/ID2.v:45]
---------------------------------------------------------------------------------------------------
                   State |                     New Encoding |                Previous Encoding 
---------------------------------------------------------------------------------------------------
                 iSTATE7 |                             0000 |                             0000
                 iSTATE6 |                             0001 |                             0001
                iSTATE10 |                             0010 |                             0110
                 iSTATE3 |                             0011 |                             1011
                 iSTATE1 |                             0100 |                             0010
                 iSTATE0 |                             0101 |                             0011
                 iSTATE2 |                             0110 |                             1101
                iSTATE12 |                             0111 |                             1110
                iSTATE13 |                             1000 |                             0101
                  iSTATE |                             1001 |                             0100
                 iSTATE9 |                             1010 |                             0111
                iSTATE11 |                             1011 |                             1000
                 iSTATE8 |                             1100 |                             1001
                 iSTATE5 |                             1101 |                             1010
                 iSTATE4 |                             1110 |                             1100
---------------------------------------------------------------------------------------------------
INFO: [Synth 8-3354] encoded FSM with state register 'ST_reg' using encoding 'sequential' in module 'CU'
WARNING: [Synth 8-327] inferring latch for variable 'F_reg' [D:/Desktop/10_final/10_final/10_final.srcs/sources_1/new/ALU.v:38]
---------------------------------------------------------------------------------
Finished RTL Optimization Phase 2 : Time (s): cpu = 00:00:06 ; elapsed = 00:00:19 . Memory (MB): peak = 875.230 ; gain = 508.785
---------------------------------------------------------------------------------

Report RTL Partitions: 
+-+--------------+------------+----------+
| |RTL Partition |Replication |Instances |
+-+--------------+------------+----------+
+-+--------------+------------+----------+
---------------------------------------------------------------------------------
Start RTL Component Statistics 
---------------------------------------------------------------------------------
Detailed RTL Component Info : 
+---Adders : 
	   3 Input     33 Bit       Adders := 1     
	   2 Input     33 Bit       Adders := 1     
	   2 Input     32 Bit       Adders := 2     
	   2 Input      3 Bit       Adders := 1     
+---XORs : 
	   2 Input     32 Bit         XORs := 1     
	   2 Input      1 Bit         XORs := 1     
	   3 Input      1 Bit         XORs := 2     
+---Registers : 
	               32 Bit    Registers := 35    
	                4 Bit    Registers := 1     
	                3 Bit    Registers := 1     
	                2 Bit    Registers := 2     
	                1 Bit    Registers := 5     
+---Muxes : 
	   2 Input     32 Bit        Muxes := 2     
	   4 Input     32 Bit        Muxes := 3     
	   3 Input      4 Bit        Muxes := 2     
	   2 Input      4 Bit        Muxes := 9     
	  15 Input      4 Bit        Muxes := 3     
	   9 Input      3 Bit        Muxes := 2     
	   2 Input      3 Bit        Muxes := 1     
	  15 Input      2 Bit        Muxes := 2     
	   8 Input      1 Bit        Muxes := 1     
	   9 Input      1 Bit        Muxes := 1     
	   2 Input      1 Bit        Muxes := 41    
	  15 Input      1 Bit        Muxes := 9     
	  11 Input      1 Bit        Muxes := 3     
---------------------------------------------------------------------------------
Finished RTL Component Statistics 
---------------------------------------------------------------------------------
---------------------------------------------------------------------------------
Start RTL Hierarchical Component Statistics 
---------------------------------------------------------------------------------
Hierarchical RTL Component report 
Module Top 
Detailed RTL Component Info : 
+---Adders : 
	   2 Input     32 Bit       Adders := 2     
+---Registers : 
	               32 Bit    Registers := 3     
+---Muxes : 
	   2 Input     32 Bit        Muxes := 1     
	   4 Input     32 Bit        Muxes := 3     
Module ImmU 
Detailed RTL Component Info : 
+---Muxes : 
	   2 Input     32 Bit        Muxes := 1     
	   8 Input      1 Bit        Muxes := 1     
Module ID1 
Detailed RTL Component Info : 
+---Muxes : 
	   9 Input      3 Bit        Muxes := 2     
	   9 Input      1 Bit        Muxes := 1     
Module ID2 
Detailed RTL Component Info : 
+---Muxes : 
	   2 Input      1 Bit        Muxes := 9     
Module CU 
Detailed RTL Component Info : 
+---Registers : 
	                4 Bit    Registers := 1     
	                2 Bit    Registers := 2     
	                1 Bit    Registers := 5     
+---Muxes : 
	   3 Input      4 Bit        Muxes := 2     
	   2 Input      4 Bit        Muxes := 9     
	  15 Input      4 Bit        Muxes := 3     
	   2 Input      3 Bit        Muxes := 1     
	  15 Input      2 Bit        Muxes := 2     
	  15 Input      1 Bit        Muxes := 9     
Module Regs 
Detailed RTL Component Info : 
+---Registers : 
	               32 Bit    Registers := 32    
+---Muxes : 
	   2 Input      1 Bit        Muxes := 32    
Module ALU 
Detailed RTL Component Info : 
+---Adders : 
	   3 Input     33 Bit       Adders := 1     
	   2 Input     33 Bit       Adders := 1     
+---XORs : 
	   2 Input     32 Bit         XORs := 1     
	   2 Input      1 Bit         XORs := 1     
	   3 Input      1 Bit         XORs := 2     
+---Muxes : 
	  11 Input      1 Bit        Muxes := 3     
Module Display 
Detailed RTL Component Info : 
+---Adders : 
	   2 Input      3 Bit       Adders := 1     
+---Registers : 
	                3 Bit    Registers := 1     
---------------------------------------------------------------------------------
Finished RTL Hierarchical Component Statistics
---------------------------------------------------------------------------------
---------------------------------------------------------------------------------
Start Part Resource Summary
---------------------------------------------------------------------------------
Part Resources:
DSPs: 240 (col length:80)
BRAMs: 270 (col length: RAMB18 80 RAMB36 40)
---------------------------------------------------------------------------------
Finished Part Resource Summary
---------------------------------------------------------------------------------
---------------------------------------------------------------------------------
Start Cross Boundary and Area Optimization
---------------------------------------------------------------------------------
Warning: Parallel synthesis criteria is not met 
INFO: [Synth 8-5546] ROM "inst_Type" won't be mapped to RAM because it is too sparse
INFO: [Synth 8-5546] ROM "uut2/IS_R0" won't be mapped to RAM because it is too sparse
INFO: [Synth 8-5546] ROM "uut2/IS_IMM0" won't be mapped to RAM because it is too sparse
INFO: [Synth 8-5546] ROM "uut2/IS_LUI0" won't be mapped to RAM because it is too sparse
INFO: [Synth 8-5546] ROM "uut2/IS_LW0" won't be mapped to RAM because it is too sparse
INFO: [Synth 8-5546] ROM "uut2/IS_SW0" won't be mapped to RAM because it is too sparse
INFO: [Synth 8-5546] ROM "uut2/IS_BEQ0" won't be mapped to RAM because it is too sparse
INFO: [Synth 8-5546] ROM "uut2/IS_JAL0" won't be mapped to RAM because it is too sparse
INFO: [Synth 8-5546] ROM "uut2/IS_JALR0" won't be mapped to RAM because it is too sparse
WARNING: [Synth 8-3917] design Top has port EN driven by constant 1
WARNING: [Synth 8-3331] design CU has unconnected port IS_JALR
INFO: [Synth 8-3333] propagating constant 0 across sequential element (\uut2/ALU_OP_reg[3] )
INFO: [Synth 8-3886] merging instance 'PC_reg__0i_65' (FDPE_1) to 'PC_reg__0i_35'
INFO: [Synth 8-3886] merging instance 'PC_reg__0i_61' (FDPE_1) to 'PC_reg__0i_35'
INFO: [Synth 8-3886] merging instance 'PC_reg__0i_57' (FDPE_1) to 'PC_reg__0i_35'
INFO: [Synth 8-3886] merging instance 'PC_reg__0i_53' (FDPE_1) to 'PC_reg__0i_35'
INFO: [Synth 8-3886] merging instance 'PC_reg__0i_49' (FDPE_1) to 'PC_reg__0i_35'
INFO: [Synth 8-3886] merging instance 'PC_reg__0i_45' (FDPE_1) to 'PC_reg__0i_35'
INFO: [Synth 8-3886] merging instance 'PC_reg__0i_41' (FDPE_1) to 'PC_reg__0i_35'
INFO: [Synth 8-3886] merging instance 'PC_reg__0i_37' (FDPE_1) to 'PC_reg__0i_35'
INFO: [Synth 8-3886] merging instance 'PC_reg__0i_64' (FDPE_1) to 'PC_reg__0i_35'
INFO: [Synth 8-3886] merging instance 'PC_reg__0i_60' (FDPE_1) to 'PC_reg__0i_35'
INFO: [Synth 8-3886] merging instance 'PC_reg__0i_56' (FDPE_1) to 'PC_reg__0i_35'
INFO: [Synth 8-3886] merging instance 'PC_reg__0i_52' (FDPE_1) to 'PC_reg__0i_35'
INFO: [Synth 8-3886] merging instance 'PC_reg__0i_48' (FDPE_1) to 'PC_reg__0i_35'
INFO: [Synth 8-3886] merging instance 'PC_reg__0i_44' (FDPE_1) to 'PC_reg__0i_35'
INFO: [Synth 8-3886] merging instance 'PC_reg__0i_40' (FDPE_1) to 'PC_reg__0i_35'
INFO: [Synth 8-3886] merging instance 'PC_reg__0i_36' (FDPE_1) to 'PC_reg__0i_35'
INFO: [Synth 8-3886] merging instance 'PC_reg__0i_63' (FDPE_1) to 'PC_reg__0i_35'
INFO: [Synth 8-3886] merging instance 'PC_reg__0i_59' (FDPE_1) to 'PC_reg__0i_35'
INFO: [Synth 8-3886] merging instance 'PC_reg__0i_55' (FDPE_1) to 'PC_reg__0i_35'
INFO: [Synth 8-3886] merging instance 'PC_reg__0i_51' (FDPE_1) to 'PC_reg__0i_35'
INFO: [Synth 8-3886] merging instance 'PC_reg__0i_47' (FDPE_1) to 'PC_reg__0i_35'
INFO: [Synth 8-3886] merging instance 'PC_reg__0i_43' (FDPE_1) to 'PC_reg__0i_35'
INFO: [Synth 8-3886] merging instance 'PC_reg__0i_39' (FDPE_1) to 'PC_reg__0i_35'
INFO: [Synth 8-3886] merging instance 'PC_reg__0i_35' (FDPE_1) to 'PC_reg__0i_62'
INFO: [Synth 8-3886] merging instance 'PC_reg__0i_62' (FDPE_1) to 'PC_reg__0i_58'
INFO: [Synth 8-3886] merging instance 'PC_reg__0i_58' (FDPE_1) to 'PC_reg__0i_54'
INFO: [Synth 8-3886] merging instance 'PC_reg__0i_54' (FDPE_1) to 'PC_reg__0i_50'
INFO: [Synth 8-3886] merging instance 'PC_reg__0i_50' (FDPE_1) to 'PC_reg__0i_46'
INFO: [Synth 8-3886] merging instance 'PC_reg__0i_46' (FDPE_1) to 'PC_reg__0i_42'
INFO: [Synth 8-3886] merging instance 'PC_reg__0i_42' (FDPE_1) to 'PC_reg__0i_38'
INFO: [Synth 8-3886] merging instance 'PC_reg__0i_38' (FDPE_1) to 'PC_reg__0i_34'
WARNING: [Synth 8-3332] Sequential element (uut2/ALU_OP_reg[3]) is unused and will be removed from module Top.
---------------------------------------------------------------------------------
Finished Cross Boundary and Area Optimization : Time (s): cpu = 00:00:11 ; elapsed = 00:00:32 . Memory (MB): peak = 875.230 ; gain = 508.785
---------------------------------------------------------------------------------

Report RTL Partitions: 
+-+--------------+------------+----------+
| |RTL Partition |Replication |Instances |
+-+--------------+------------+----------+
+-+--------------+------------+----------+
---------------------------------------------------------------------------------
Start Applying XDC Timing Constraints
---------------------------------------------------------------------------------
---------------------------------------------------------------------------------
Finished Applying XDC Timing Constraints : Time (s): cpu = 00:00:18 ; elapsed = 00:00:50 . Memory (MB): peak = 875.230 ; gain = 508.785
---------------------------------------------------------------------------------
---------------------------------------------------------------------------------
Start Timing Optimization
---------------------------------------------------------------------------------
---------------------------------------------------------------------------------
Finished Timing Optimization : Time (s): cpu = 00:00:18 ; elapsed = 00:00:51 . Memory (MB): peak = 875.230 ; gain = 508.785
---------------------------------------------------------------------------------

Report RTL Partitions: 
+-+--------------+------------+----------+
| |RTL Partition |Replication |Instances |
+-+--------------+------------+----------+
+-+--------------+------------+----------+
---------------------------------------------------------------------------------
Start Technology Mapping
---------------------------------------------------------------------------------
INFO: [Synth 8-3333] propagating constant 0 across sequential element (\uut4/REG_Files_reg[0][29] )
INFO: [Synth 8-3333] propagating constant 0 across sequential element (\uut4/REG_Files_reg[0][21] )
INFO: [Synth 8-3333] propagating constant 0 across sequential element (\uut4/REG_Files_reg[0][13] )
INFO: [Synth 8-3333] propagating constant 0 across sequential element (\uut4/REG_Files_reg[0][5] )
INFO: [Synth 8-3333] propagating constant 0 across sequential element (\uut4/REG_Files_reg[0][28] )
INFO: [Synth 8-3333] propagating constant 0 across sequential element (\uut4/REG_Files_reg[0][20] )
INFO: [Synth 8-3333] propagating constant 0 across sequential element (\uut4/REG_Files_reg[0][12] )
INFO: [Synth 8-3333] propagating constant 0 across sequential element (\uut4/REG_Files_reg[0][4] )
INFO: [Synth 8-3333] propagating constant 0 across sequential element (\uut4/REG_Files_reg[0][30] )
INFO: [Synth 8-3333] propagating constant 0 across sequential element (\uut4/REG_Files_reg[0][22] )
INFO: [Synth 8-3333] propagating constant 0 across sequential element (\uut4/REG_Files_reg[0][14] )
INFO: [Synth 8-3333] propagating constant 0 across sequential element (\uut4/REG_Files_reg[0][6] )
INFO: [Synth 8-3333] propagating constant 0 across sequential element (\uut4/REG_Files_reg[0][31] )
INFO: [Synth 8-3333] propagating constant 0 across sequential element (\uut4/REG_Files_reg[0][23] )
INFO: [Synth 8-3333] propagating constant 0 across sequential element (\uut4/REG_Files_reg[0][15] )
INFO: [Synth 8-3333] propagating constant 0 across sequential element (\uut4/REG_Files_reg[0][7] )
INFO: [Synth 8-3333] propagating constant 0 across sequential element (\uut4/REG_Files_reg[0][25] )
INFO: [Synth 8-3333] propagating constant 0 across sequential element (\uut4/REG_Files_reg[0][17] )
INFO: [Synth 8-3333] propagating constant 0 across sequential element (\uut4/REG_Files_reg[0][9] )
INFO: [Synth 8-3333] propagating constant 0 across sequential element (\uut4/REG_Files_reg[0][1] )
INFO: [Synth 8-3333] propagating constant 0 across sequential element (\uut4/REG_Files_reg[0][24] )
INFO: [Synth 8-3333] propagating constant 0 across sequential element (\uut4/REG_Files_reg[0][16] )
INFO: [Synth 8-3333] propagating constant 0 across sequential element (\uut4/REG_Files_reg[0][8] )
INFO: [Synth 8-3333] propagating constant 0 across sequential element (\uut4/REG_Files_reg[0][0] )
INFO: [Synth 8-3333] propagating constant 0 across sequential element (\uut4/REG_Files_reg[0][26] )
INFO: [Synth 8-3333] propagating constant 0 across sequential element (\uut4/REG_Files_reg[0][18] )
INFO: [Synth 8-3333] propagating constant 0 across sequential element (\uut4/REG_Files_reg[0][10] )
INFO: [Synth 8-3333] propagating constant 0 across sequential element (\uut4/REG_Files_reg[0][2] )
INFO: [Synth 8-3333] propagating constant 0 across sequential element (\uut4/REG_Files_reg[0][27] )
INFO: [Synth 8-3333] propagating constant 0 across sequential element (\uut4/REG_Files_reg[0][19] )
INFO: [Synth 8-3333] propagating constant 0 across sequential element (\uut4/REG_Files_reg[0][11] )
INFO: [Synth 8-3333] propagating constant 0 across sequential element (\uut4/REG_Files_reg[0][3] )
---------------------------------------------------------------------------------
Finished Technology Mapping : Time (s): cpu = 00:00:19 ; elapsed = 00:00:53 . Memory (MB): peak = 905.754 ; gain = 539.309
---------------------------------------------------------------------------------

Report RTL Partitions: 
+-+--------------+------------+----------+
| |RTL Partition |Replication |Instances |
+-+--------------+------------+----------+
+-+--------------+------------+----------+
---------------------------------------------------------------------------------
Start IO Insertion
---------------------------------------------------------------------------------
---------------------------------------------------------------------------------
Start Flattening Before IO Insertion
---------------------------------------------------------------------------------
---------------------------------------------------------------------------------
Finished Flattening Before IO Insertion
---------------------------------------------------------------------------------
---------------------------------------------------------------------------------
Start Final Netlist Cleanup
---------------------------------------------------------------------------------
---------------------------------------------------------------------------------
Finished Final Netlist Cleanup
---------------------------------------------------------------------------------
---------------------------------------------------------------------------------
Finished IO Insertion : Time (s): cpu = 00:00:20 ; elapsed = 00:00:55 . Memory (MB): peak = 905.754 ; gain = 539.309
---------------------------------------------------------------------------------

Report Check Netlist: 
+------+------------------+-------+---------+-------+------------------+
|      |Item              |Errors |Warnings |Status |Description       |
+------+------------------+-------+---------+-------+------------------+
|1     |multi_driven_nets |      0|        0|Passed |Multi driven nets |
+------+------------------+-------+---------+-------+------------------+
---------------------------------------------------------------------------------
Start Renaming Generated Instances
---------------------------------------------------------------------------------
---------------------------------------------------------------------------------
Finished Renaming Generated Instances : Time (s): cpu = 00:00:20 ; elapsed = 00:00:55 . Memory (MB): peak = 905.754 ; gain = 539.309
---------------------------------------------------------------------------------

Report RTL Partitions: 
+-+--------------+------------+----------+
| |RTL Partition |Replication |Instances |
+-+--------------+------------+----------+
+-+--------------+------------+----------+
---------------------------------------------------------------------------------
Start Rebuilding User Hierarchy
---------------------------------------------------------------------------------
---------------------------------------------------------------------------------
Finished Rebuilding User Hierarchy : Time (s): cpu = 00:00:20 ; elapsed = 00:00:56 . Memory (MB): peak = 905.754 ; gain = 539.309
---------------------------------------------------------------------------------
---------------------------------------------------------------------------------
Start Renaming Generated Ports
---------------------------------------------------------------------------------
---------------------------------------------------------------------------------
Finished Renaming Generated Ports : Time (s): cpu = 00:00:20 ; elapsed = 00:00:56 . Memory (MB): peak = 905.754 ; gain = 539.309
---------------------------------------------------------------------------------
---------------------------------------------------------------------------------
Start Handling Custom Attributes
---------------------------------------------------------------------------------
---------------------------------------------------------------------------------
Finished Handling Custom Attributes : Time (s): cpu = 00:00:20 ; elapsed = 00:00:56 . Memory (MB): peak = 905.754 ; gain = 539.309
---------------------------------------------------------------------------------
---------------------------------------------------------------------------------
Start Renaming Generated Nets
---------------------------------------------------------------------------------
---------------------------------------------------------------------------------
Finished Renaming Generated Nets : Time (s): cpu = 00:00:20 ; elapsed = 00:00:56 . Memory (MB): peak = 905.754 ; gain = 539.309
---------------------------------------------------------------------------------
---------------------------------------------------------------------------------
Start Writing Synthesis Report
---------------------------------------------------------------------------------

Report BlackBoxes: 
+------+--------------+----------+
|      |BlackBox name |Instances |
+------+--------------+----------+
|1     |RAM_I         |         1|
|2     |RAM_D         |         1|
+------+--------------+----------+

Report Cell Usage: 
+------+-------+------+
|      |Cell   |Count |
+------+-------+------+
|1     |RAM_D  |     1|
|2     |RAM_I  |     1|
|3     |BUFG   |     4|
|4     |CARRY4 |    44|
|5     |LUT1   |     7|
|6     |LUT2   |   139|
|7     |LUT3   |    80|
|8     |LUT4   |   119|
|9     |LUT5   |   198|
|10    |LUT6   |   974|
|11    |MUXF7  |   261|
|12    |MUXF8  |    40|
|13    |FDCE   |  1082|
|14    |FDPE   |    32|
|15    |FDRE   |    50|
|16    |LD     |    70|
|17    |IBUF   |    10|
|18    |OBUF   |    19|
+------+-------+------+

Report Instance Areas: 
+------+---------+--------+------+
|      |Instance |Module  |Cells |
+------+---------+--------+------+
|1     |top      |        |  3193|
|2     |  uut1   |ID1     |   132|
|3     |    uut  |ImmU    |   123|
|4     |  uut2   |ID2     |     3|
|5     |  uut3   |CU      |   349|
|6     |  uut4   |Regs    |  2375|
|7     |  uut5   |ALU     |    39|
|8     |  uut7   |Display |    29|
+------+---------+--------+------+
---------------------------------------------------------------------------------
Finished Writing Synthesis Report : Time (s): cpu = 00:00:20 ; elapsed = 00:00:56 . Memory (MB): peak = 905.754 ; gain = 539.309
---------------------------------------------------------------------------------
Synthesis finished with 0 errors, 0 critical warnings and 7 warnings.
Synthesis Optimization Runtime : Time (s): cpu = 00:00:17 ; elapsed = 00:00:48 . Memory (MB): peak = 905.754 ; gain = 188.281
Synthesis Optimization Complete : Time (s): cpu = 00:00:20 ; elapsed = 00:00:56 . Memory (MB): peak = 905.754 ; gain = 539.309
INFO: [Project 1-571] Translating synthesized netlist
INFO: [Netlist 29-17] Analyzing 415 Unisim elements for replacement
INFO: [Netlist 29-28] Unisim Transformation completed in 0 CPU seconds
INFO: [Project 1-570] Preparing netlist for logic optimization
INFO: [Opt 31-138] Pushed 0 inverter(s) to 0 load pin(s).
Netlist sorting complete. Time (s): cpu = 00:00:00 ; elapsed = 00:00:00.001 . Memory (MB): peak = 905.754 ; gain = 0.000
INFO: [Project 1-111] Unisim Transformation Summary:
  A total of 70 instances were transformed.
  LD => LDCE: 70 instances

INFO: [Common 17-83] Releasing license: Synthesis
156 Infos, 29 Warnings, 0 Critical Warnings and 0 Errors encountered.
synth_design completed successfully
synth_design: Time (s): cpu = 00:00:21 ; elapsed = 00:01:00 . Memory (MB): peak = 905.754 ; gain = 550.777
Netlist sorting complete. Time (s): cpu = 00:00:00 ; elapsed = 00:00:00.002 . Memory (MB): peak = 905.754 ; gain = 0.000
WARNING: [Constraints 18-5210] No constraints selected for write.
Resolution: This message can indicate that there are no constraints for the design, or it can indicate that the used_in flags are set such that the constraints are ignored. This later case is used when running synth_design to not write synthesis constraints to the resulting checkpoint. Instead, project constraints are read when the synthesized design is opened.
INFO: [Common 17-1381] The checkpoint 'D:/Desktop/10_final/10_final/10_final.runs/synth_1/Top.dcp' has been generated.
INFO: [runtcl-4] Executing : report_utilization -file Top_utilization_synth.rpt -pb Top_utilization_synth.pb
INFO: [Common 17-206] Exiting Vivado at Sun Jun 23 15:53:45 2024...
