Copyright 1986-2018 Xilinx, Inc. All Rights Reserved.
----------------------------------------------------------------------------------------------
| Tool Version : Vivado v.2018.3 (win64) Build 2405991 Thu Dec  6 23:38:27 MST 2018
| Date         : Wed May  8 11:55:19 2024
| Host         : Shadow-Light running 64-bit major release  (build 9200)
| Command      : report_control_sets -verbose -file register_heap_top_control_sets_placed.rpt
| Design       : register_heap_top
| Device       : xc7a100t
----------------------------------------------------------------------------------------------

Control Set Information

Table of Contents
-----------------
1. Summary
2. Histogram
3. Flip-Flop Distribution
4. Detailed Control Set Information

1. Summary
----------

+----------------------------------------------------------+-------+
|                          Status                          | Count |
+----------------------------------------------------------+-------+
| Number of unique control sets                            |   222 |
| Unused register locations in slices containing registers |   757 |
+----------------------------------------------------------+-------+


2. Histogram
------------

+--------+--------------+
| Fanout | Control Sets |
+--------+--------------+
|      2 |           31 |
|      3 |            1 |
|      5 |          186 |
|     15 |            1 |
|    16+ |            3 |
+--------+--------------+


3. Flip-Flop Distribution
-------------------------

+--------------+-----------------------+------------------------+-----------------+--------------+
| Clock Enable | Synchronous Set/Reset | Asynchronous Set/Reset | Total Registers | Total Slices |
+--------------+-----------------------+------------------------+-----------------+--------------+
| No           | No                    | No                     |             129 |           53 |
| No           | No                    | Yes                    |              18 |            5 |
| No           | Yes                   | No                     |               0 |            0 |
| Yes          | No                    | No                     |               0 |            0 |
| Yes          | No                    | Yes                    |             992 |          638 |
| Yes          | Yes                   | No                     |               0 |            0 |
+--------------+-----------------------+------------------------+-----------------+--------------+


4. Detailed Control Set Information
-----------------------------------

+-------------------+---------------------------------+--------------------------------+------------------+----------------+
|    Clock Signal   |          Enable Signal          |        Set/Reset Signal        | Slice Load Count | Bel Load Count |
+-------------------+---------------------------------+--------------------------------+------------------+----------------+
|  clk_WB_IBUF_BUFG | u_reg/REG_Files[29][31]_i_1_n_1 | u_reg/REG_Files[1][31]_i_2_n_1 |                1 |              2 |
|  clk_WB_IBUF_BUFG | u_reg/REG_Files[28][31]_i_1_n_1 | u_reg/REG_Files[1][31]_i_2_n_1 |                1 |              2 |
|  clk_WB_IBUF_BUFG | u_reg/REG_Files[13][31]_i_1_n_1 | u_reg/REG_Files[1][31]_i_2_n_1 |                2 |              2 |
|  clk_WB_IBUF_BUFG | u_reg/REG_Files[10][31]_i_1_n_1 | u_reg/REG_Files[1][31]_i_2_n_1 |                2 |              2 |
|  clk_WB_IBUF_BUFG | u_reg/REG_Files[8][31]_i_1_n_1  | u_reg/REG_Files[1][31]_i_2_n_1 |                2 |              2 |
|  clk_WB_IBUF_BUFG | u_reg/REG_Files[25][31]_i_1_n_1 | u_reg/REG_Files[1][31]_i_2_n_1 |                1 |              2 |
|  clk_WB_IBUF_BUFG | u_reg/REG_Files[14][31]_i_1_n_1 | u_reg/REG_Files[1][31]_i_2_n_1 |                2 |              2 |
|  clk_WB_IBUF_BUFG | u_reg/REG_Files[24][31]_i_1_n_1 | u_reg/REG_Files[1][31]_i_2_n_1 |                1 |              2 |
|  clk_WB_IBUF_BUFG | u_reg/REG_Files[5][31]_i_1_n_1  | u_reg/REG_Files[1][31]_i_2_n_1 |                2 |              2 |
|  clk_WB_IBUF_BUFG | u_reg/REG_Files[12][31]_i_1_n_1 | u_reg/REG_Files[1][31]_i_2_n_1 |                2 |              2 |
|  clk_WB_IBUF_BUFG | u_reg/REG_Files[17][31]_i_1_n_1 | u_reg/REG_Files[1][31]_i_2_n_1 |                1 |              2 |
|  clk_WB_IBUF_BUFG | u_reg/REG_Files[20][31]_i_1_n_1 | u_reg/REG_Files[1][31]_i_2_n_1 |                1 |              2 |
|  clk_WB_IBUF_BUFG | u_reg/REG_Files[18][31]_i_1_n_1 | u_reg/REG_Files[1][31]_i_2_n_1 |                1 |              2 |
|  clk_WB_IBUF_BUFG | u_reg/REG_Files[16][31]_i_1_n_1 | u_reg/REG_Files[1][31]_i_2_n_1 |                1 |              2 |
|  clk_WB_IBUF_BUFG | u_reg/REG_Files[19][31]_i_1_n_1 | u_reg/REG_Files[1][31]_i_2_n_1 |                1 |              2 |
|  clk_WB_IBUF_BUFG | u_reg/REG_Files[1][31]_i_1_n_1  | u_reg/REG_Files[1][31]_i_2_n_1 |                1 |              2 |
|  clk_WB_IBUF_BUFG | u_reg/REG_Files[15][31]_i_1_n_1 | u_reg/REG_Files[1][31]_i_2_n_1 |                2 |              2 |
|  clk_WB_IBUF_BUFG | u_reg/REG_Files[11][31]_i_1_n_1 | u_reg/REG_Files[1][31]_i_2_n_1 |                2 |              2 |
|  clk_WB_IBUF_BUFG | u_reg/REG_Files[4][31]_i_1_n_1  | u_reg/REG_Files[1][31]_i_2_n_1 |                1 |              2 |
|  clk_WB_IBUF_BUFG | u_reg/REG_Files[9][31]_i_1_n_1  | u_reg/REG_Files[1][31]_i_2_n_1 |                2 |              2 |
|  clk_WB_IBUF_BUFG | u_reg/REG_Files[2][31]_i_1_n_1  | u_reg/REG_Files[1][31]_i_2_n_1 |                1 |              2 |
|  clk_WB_IBUF_BUFG | u_reg/REG_Files[21][31]_i_1_n_1 | u_reg/REG_Files[1][31]_i_2_n_1 |                1 |              2 |
|  clk_WB_IBUF_BUFG | u_reg/REG_Files[23][31]_i_1_n_1 | u_reg/REG_Files[1][31]_i_2_n_1 |                1 |              2 |
|  clk_WB_IBUF_BUFG | u_reg/REG_Files[26][31]_i_1_n_1 | u_reg/REG_Files[1][31]_i_2_n_1 |                1 |              2 |
|  clk_WB_IBUF_BUFG | u_reg/REG_Files[31][31]_i_1_n_1 | u_reg/REG_Files[1][31]_i_2_n_1 |                1 |              2 |
|  clk_WB_IBUF_BUFG | u_reg/REG_Files[7][31]_i_1_n_1  | u_reg/REG_Files[1][31]_i_2_n_1 |                1 |              2 |
|  clk_WB_IBUF_BUFG | u_reg/REG_Files[30][31]_i_1_n_1 | u_reg/REG_Files[1][31]_i_2_n_1 |                1 |              2 |
|  clk_WB_IBUF_BUFG | u_reg/REG_Files[22][31]_i_1_n_1 | u_reg/REG_Files[1][31]_i_2_n_1 |                1 |              2 |
|  clk_WB_IBUF_BUFG | u_reg/REG_Files[6][31]_i_1_n_1  | u_reg/REG_Files[1][31]_i_2_n_1 |                1 |              2 |
|  clk_WB_IBUF_BUFG | u_reg/REG_Files[27][31]_i_1_n_1 | u_reg/REG_Files[1][31]_i_2_n_1 |                1 |              2 |
|  clk_WB_IBUF_BUFG | u_reg/REG_Files[3][31]_i_1_n_1  | u_reg/REG_Files[1][31]_i_2_n_1 |                1 |              2 |
|  D/p_0_in         |                                 | rst_n_IBUF                     |                1 |              3 |
|  clk_WB_IBUF_BUFG | u_reg/REG_Files[11][31]_i_1_n_1 | u_reg/REG_Files[1][4]_i_1_n_1  |                3 |              5 |
|  clk_WB_IBUF_BUFG | u_reg/REG_Files[11][31]_i_1_n_1 | u_reg/REG_Files[1][9]_i_1_n_1  |                3 |              5 |
|  clk_WB_IBUF_BUFG | u_reg/REG_Files[11][31]_i_1_n_1 | u_reg/REG_Files[1][19]_i_1_n_1 |                2 |              5 |
|  clk_WB_IBUF_BUFG | u_reg/REG_Files[11][31]_i_1_n_1 | u_reg/REG_Files[1][14]_i_1_n_1 |                4 |              5 |
|  clk_WB_IBUF_BUFG | u_reg/REG_Files[11][31]_i_1_n_1 | u_reg/REG_Files[1][24]_i_1_n_1 |                1 |              5 |
|  clk_WB_IBUF_BUFG | u_reg/REG_Files[12][31]_i_1_n_1 | u_reg/REG_Files[1][29]_i_1_n_1 |                4 |              5 |
|  clk_WB_IBUF_BUFG | u_reg/REG_Files[12][31]_i_1_n_1 | u_reg/REG_Files[1][4]_i_1_n_1  |                2 |              5 |
|  clk_WB_IBUF_BUFG | u_reg/REG_Files[12][31]_i_1_n_1 | u_reg/REG_Files[1][9]_i_1_n_1  |                3 |              5 |
|  clk_WB_IBUF_BUFG | u_reg/REG_Files[12][31]_i_1_n_1 | u_reg/REG_Files[1][19]_i_1_n_1 |                2 |              5 |
|  clk_WB_IBUF_BUFG | u_reg/REG_Files[12][31]_i_1_n_1 | u_reg/REG_Files[1][14]_i_1_n_1 |                4 |              5 |
|  clk_WB_IBUF_BUFG | u_reg/REG_Files[12][31]_i_1_n_1 | u_reg/REG_Files[1][24]_i_1_n_1 |                1 |              5 |
|  clk_WB_IBUF_BUFG | u_reg/REG_Files[13][31]_i_1_n_1 | u_reg/REG_Files[1][29]_i_1_n_1 |                4 |              5 |
|  clk_WB_IBUF_BUFG | u_reg/REG_Files[13][31]_i_1_n_1 | u_reg/REG_Files[1][4]_i_1_n_1  |                2 |              5 |
|  clk_WB_IBUF_BUFG | u_reg/REG_Files[13][31]_i_1_n_1 | u_reg/REG_Files[1][9]_i_1_n_1  |                3 |              5 |
|  clk_WB_IBUF_BUFG | u_reg/REG_Files[13][31]_i_1_n_1 | u_reg/REG_Files[1][19]_i_1_n_1 |                3 |              5 |
|  clk_WB_IBUF_BUFG | u_reg/REG_Files[13][31]_i_1_n_1 | u_reg/REG_Files[1][14]_i_1_n_1 |                4 |              5 |
|  clk_WB_IBUF_BUFG | u_reg/REG_Files[13][31]_i_1_n_1 | u_reg/REG_Files[1][24]_i_1_n_1 |                2 |              5 |
|  clk_WB_IBUF_BUFG | u_reg/REG_Files[18][31]_i_1_n_1 | u_reg/REG_Files[1][29]_i_1_n_1 |                3 |              5 |
|  clk_WB_IBUF_BUFG | u_reg/REG_Files[18][31]_i_1_n_1 | u_reg/REG_Files[1][4]_i_1_n_1  |                4 |              5 |
|  clk_WB_IBUF_BUFG | u_reg/REG_Files[18][31]_i_1_n_1 | u_reg/REG_Files[1][9]_i_1_n_1  |                3 |              5 |
|  clk_WB_IBUF_BUFG | u_reg/REG_Files[18][31]_i_1_n_1 | u_reg/REG_Files[1][19]_i_1_n_1 |                2 |              5 |
|  clk_WB_IBUF_BUFG | u_reg/REG_Files[18][31]_i_1_n_1 | u_reg/REG_Files[1][14]_i_1_n_1 |                4 |              5 |
|  clk_WB_IBUF_BUFG | u_reg/REG_Files[18][31]_i_1_n_1 | u_reg/REG_Files[1][24]_i_1_n_1 |                4 |              5 |
|  clk_WB_IBUF_BUFG | u_reg/REG_Files[14][31]_i_1_n_1 | u_reg/REG_Files[1][29]_i_1_n_1 |                5 |              5 |
|  clk_WB_IBUF_BUFG | u_reg/REG_Files[14][31]_i_1_n_1 | u_reg/REG_Files[1][4]_i_1_n_1  |                3 |              5 |
|  clk_WB_IBUF_BUFG | u_reg/REG_Files[14][31]_i_1_n_1 | u_reg/REG_Files[1][9]_i_1_n_1  |                3 |              5 |
|  clk_WB_IBUF_BUFG | u_reg/REG_Files[14][31]_i_1_n_1 | u_reg/REG_Files[1][19]_i_1_n_1 |                4 |              5 |
|  clk_WB_IBUF_BUFG | u_reg/REG_Files[14][31]_i_1_n_1 | u_reg/REG_Files[1][14]_i_1_n_1 |                4 |              5 |
|  clk_WB_IBUF_BUFG | u_reg/REG_Files[14][31]_i_1_n_1 | u_reg/REG_Files[1][24]_i_1_n_1 |                2 |              5 |
|  clk_WB_IBUF_BUFG | u_reg/REG_Files[15][31]_i_1_n_1 | u_reg/REG_Files[1][29]_i_1_n_1 |                4 |              5 |
|  clk_WB_IBUF_BUFG | u_reg/REG_Files[15][31]_i_1_n_1 | u_reg/REG_Files[1][4]_i_1_n_1  |                2 |              5 |
|  clk_WB_IBUF_BUFG | u_reg/REG_Files[15][31]_i_1_n_1 | u_reg/REG_Files[1][9]_i_1_n_1  |                3 |              5 |
|  clk_WB_IBUF_BUFG | u_reg/REG_Files[15][31]_i_1_n_1 | u_reg/REG_Files[1][19]_i_1_n_1 |                2 |              5 |
|  clk_WB_IBUF_BUFG | u_reg/REG_Files[15][31]_i_1_n_1 | u_reg/REG_Files[1][14]_i_1_n_1 |                4 |              5 |
|  clk_WB_IBUF_BUFG | u_reg/REG_Files[15][31]_i_1_n_1 | u_reg/REG_Files[1][24]_i_1_n_1 |                3 |              5 |
|  clk_WB_IBUF_BUFG | u_reg/REG_Files[19][31]_i_1_n_1 | u_reg/REG_Files[1][29]_i_1_n_1 |                3 |              5 |
|  clk_WB_IBUF_BUFG | u_reg/REG_Files[19][31]_i_1_n_1 | u_reg/REG_Files[1][4]_i_1_n_1  |                4 |              5 |
|  clk_WB_IBUF_BUFG | u_reg/REG_Files[19][31]_i_1_n_1 | u_reg/REG_Files[1][9]_i_1_n_1  |                4 |              5 |
|  clk_WB_IBUF_BUFG | u_reg/REG_Files[19][31]_i_1_n_1 | u_reg/REG_Files[1][19]_i_1_n_1 |                3 |              5 |
|  clk_WB_IBUF_BUFG | u_reg/REG_Files[19][31]_i_1_n_1 | u_reg/REG_Files[1][14]_i_1_n_1 |                4 |              5 |
|  clk_WB_IBUF_BUFG | u_reg/REG_Files[19][31]_i_1_n_1 | u_reg/REG_Files[1][24]_i_1_n_1 |                4 |              5 |
|  clk_WB_IBUF_BUFG | u_reg/REG_Files[16][31]_i_1_n_1 | u_reg/REG_Files[1][29]_i_1_n_1 |                3 |              5 |
|  clk_WB_IBUF_BUFG | u_reg/REG_Files[16][31]_i_1_n_1 | u_reg/REG_Files[1][4]_i_1_n_1  |                3 |              5 |
|  clk_WB_IBUF_BUFG | u_reg/REG_Files[16][31]_i_1_n_1 | u_reg/REG_Files[1][9]_i_1_n_1  |                2 |              5 |
|  clk_WB_IBUF_BUFG | u_reg/REG_Files[16][31]_i_1_n_1 | u_reg/REG_Files[1][19]_i_1_n_1 |                3 |              5 |
|  clk_WB_IBUF_BUFG | u_reg/REG_Files[16][31]_i_1_n_1 | u_reg/REG_Files[1][14]_i_1_n_1 |                4 |              5 |
|  clk_WB_IBUF_BUFG | u_reg/REG_Files[16][31]_i_1_n_1 | u_reg/REG_Files[1][24]_i_1_n_1 |                3 |              5 |
|  clk_WB_IBUF_BUFG | u_reg/REG_Files[1][31]_i_1_n_1  | u_reg/REG_Files[1][29]_i_1_n_1 |                2 |              5 |
|  clk_WB_IBUF_BUFG | u_reg/REG_Files[1][31]_i_1_n_1  | u_reg/REG_Files[1][4]_i_1_n_1  |                3 |              5 |
|  clk_WB_IBUF_BUFG | u_reg/REG_Files[1][31]_i_1_n_1  | u_reg/REG_Files[1][9]_i_1_n_1  |                2 |              5 |
|  clk_WB_IBUF_BUFG | u_reg/REG_Files[1][31]_i_1_n_1  | u_reg/REG_Files[1][19]_i_1_n_1 |                2 |              5 |
|  clk_WB_IBUF_BUFG | u_reg/REG_Files[1][31]_i_1_n_1  | u_reg/REG_Files[1][14]_i_1_n_1 |                4 |              5 |
|  clk_WB_IBUF_BUFG | u_reg/REG_Files[1][31]_i_1_n_1  | u_reg/REG_Files[1][24]_i_1_n_1 |                3 |              5 |
|  clk_WB_IBUF_BUFG | u_reg/REG_Files[25][31]_i_1_n_1 | u_reg/REG_Files[1][29]_i_1_n_1 |                4 |              5 |
|  clk_WB_IBUF_BUFG | u_reg/REG_Files[25][31]_i_1_n_1 | u_reg/REG_Files[1][4]_i_1_n_1  |                2 |              5 |
|  clk_WB_IBUF_BUFG | u_reg/REG_Files[25][31]_i_1_n_1 | u_reg/REG_Files[1][9]_i_1_n_1  |                3 |              5 |
|  clk_WB_IBUF_BUFG | u_reg/REG_Files[25][31]_i_1_n_1 | u_reg/REG_Files[1][19]_i_1_n_1 |                2 |              5 |
|  clk_WB_IBUF_BUFG | u_reg/REG_Files[25][31]_i_1_n_1 | u_reg/REG_Files[1][14]_i_1_n_1 |                3 |              5 |
|  clk_WB_IBUF_BUFG | u_reg/REG_Files[25][31]_i_1_n_1 | u_reg/REG_Files[1][24]_i_1_n_1 |                3 |              5 |
|  clk_WB_IBUF_BUFG | u_reg/REG_Files[20][31]_i_1_n_1 | u_reg/REG_Files[1][29]_i_1_n_1 |                3 |              5 |
|  clk_WB_IBUF_BUFG | u_reg/REG_Files[20][31]_i_1_n_1 | u_reg/REG_Files[1][4]_i_1_n_1  |                4 |              5 |
|  clk_WB_IBUF_BUFG | u_reg/REG_Files[20][31]_i_1_n_1 | u_reg/REG_Files[1][9]_i_1_n_1  |                3 |              5 |
|  clk_WB_IBUF_BUFG | u_reg/REG_Files[20][31]_i_1_n_1 | u_reg/REG_Files[1][19]_i_1_n_1 |                3 |              5 |
|  clk_WB_IBUF_BUFG | u_reg/REG_Files[20][31]_i_1_n_1 | u_reg/REG_Files[1][14]_i_1_n_1 |                4 |              5 |
|  clk_WB_IBUF_BUFG | u_reg/REG_Files[20][31]_i_1_n_1 | u_reg/REG_Files[1][24]_i_1_n_1 |                4 |              5 |
|  clk_WB_IBUF_BUFG | u_reg/REG_Files[8][31]_i_1_n_1  | u_reg/REG_Files[1][29]_i_1_n_1 |                4 |              5 |
|  clk_WB_IBUF_BUFG | u_reg/REG_Files[8][31]_i_1_n_1  | u_reg/REG_Files[1][4]_i_1_n_1  |                3 |              5 |
|  clk_WB_IBUF_BUFG | u_reg/REG_Files[8][31]_i_1_n_1  | u_reg/REG_Files[1][9]_i_1_n_1  |                3 |              5 |
|  clk_WB_IBUF_BUFG | u_reg/REG_Files[8][31]_i_1_n_1  | u_reg/REG_Files[1][19]_i_1_n_1 |                3 |              5 |
|  clk_WB_IBUF_BUFG | u_reg/REG_Files[8][31]_i_1_n_1  | u_reg/REG_Files[1][14]_i_1_n_1 |                4 |              5 |
|  clk_WB_IBUF_BUFG | u_reg/REG_Files[8][31]_i_1_n_1  | u_reg/REG_Files[1][24]_i_1_n_1 |                3 |              5 |
|  clk_WB_IBUF_BUFG | u_reg/REG_Files[24][31]_i_1_n_1 | u_reg/REG_Files[1][29]_i_1_n_1 |                4 |              5 |
|  clk_WB_IBUF_BUFG | u_reg/REG_Files[24][31]_i_1_n_1 | u_reg/REG_Files[1][4]_i_1_n_1  |                3 |              5 |
|  clk_WB_IBUF_BUFG | u_reg/REG_Files[24][31]_i_1_n_1 | u_reg/REG_Files[1][9]_i_1_n_1  |                4 |              5 |
|  clk_WB_IBUF_BUFG | u_reg/REG_Files[24][31]_i_1_n_1 | u_reg/REG_Files[1][19]_i_1_n_1 |                2 |              5 |
|  clk_WB_IBUF_BUFG | u_reg/REG_Files[24][31]_i_1_n_1 | u_reg/REG_Files[1][14]_i_1_n_1 |                5 |              5 |
|  clk_WB_IBUF_BUFG | u_reg/REG_Files[24][31]_i_1_n_1 | u_reg/REG_Files[1][24]_i_1_n_1 |                3 |              5 |
|  clk_WB_IBUF_BUFG | u_reg/REG_Files[5][31]_i_1_n_1  | u_reg/REG_Files[1][29]_i_1_n_1 |                3 |              5 |
|  clk_WB_IBUF_BUFG | u_reg/REG_Files[5][31]_i_1_n_1  | u_reg/REG_Files[1][4]_i_1_n_1  |                2 |              5 |
|  clk_WB_IBUF_BUFG | u_reg/REG_Files[5][31]_i_1_n_1  | u_reg/REG_Files[1][9]_i_1_n_1  |                4 |              5 |
|  clk_WB_IBUF_BUFG | u_reg/REG_Files[5][31]_i_1_n_1  | u_reg/REG_Files[1][19]_i_1_n_1 |                3 |              5 |
|  clk_WB_IBUF_BUFG | u_reg/REG_Files[5][31]_i_1_n_1  | u_reg/REG_Files[1][14]_i_1_n_1 |                4 |              5 |
|  clk_WB_IBUF_BUFG | u_reg/REG_Files[5][31]_i_1_n_1  | u_reg/REG_Files[1][24]_i_1_n_1 |                2 |              5 |
|  clk_WB_IBUF_BUFG | u_reg/REG_Files[28][31]_i_1_n_1 | u_reg/REG_Files[1][29]_i_1_n_1 |                4 |              5 |
|  clk_WB_IBUF_BUFG | u_reg/REG_Files[28][31]_i_1_n_1 | u_reg/REG_Files[1][4]_i_1_n_1  |                3 |              5 |
|  clk_WB_IBUF_BUFG | u_reg/REG_Files[28][31]_i_1_n_1 | u_reg/REG_Files[1][9]_i_1_n_1  |                2 |              5 |
|  clk_WB_IBUF_BUFG | u_reg/REG_Files[28][31]_i_1_n_1 | u_reg/REG_Files[1][19]_i_1_n_1 |                2 |              5 |
|  clk_WB_IBUF_BUFG | u_reg/REG_Files[28][31]_i_1_n_1 | u_reg/REG_Files[1][14]_i_1_n_1 |                4 |              5 |
|  clk_WB_IBUF_BUFG | u_reg/REG_Files[28][31]_i_1_n_1 | u_reg/REG_Files[1][24]_i_1_n_1 |                2 |              5 |
|  clk_WB_IBUF_BUFG | u_reg/REG_Files[29][31]_i_1_n_1 | u_reg/REG_Files[1][29]_i_1_n_1 |                4 |              5 |
|  clk_WB_IBUF_BUFG | u_reg/REG_Files[29][31]_i_1_n_1 | u_reg/REG_Files[1][4]_i_1_n_1  |                3 |              5 |
|  clk_WB_IBUF_BUFG | u_reg/REG_Files[29][31]_i_1_n_1 | u_reg/REG_Files[1][9]_i_1_n_1  |                3 |              5 |
|  clk_WB_IBUF_BUFG | u_reg/REG_Files[29][31]_i_1_n_1 | u_reg/REG_Files[1][19]_i_1_n_1 |                3 |              5 |
|  clk_WB_IBUF_BUFG | u_reg/REG_Files[29][31]_i_1_n_1 | u_reg/REG_Files[1][14]_i_1_n_1 |                5 |              5 |
|  clk_WB_IBUF_BUFG | u_reg/REG_Files[29][31]_i_1_n_1 | u_reg/REG_Files[1][24]_i_1_n_1 |                3 |              5 |
|  clk_WB_IBUF_BUFG | u_reg/REG_Files[4][31]_i_1_n_1  | u_reg/REG_Files[1][29]_i_1_n_1 |                2 |              5 |
|  clk_WB_IBUF_BUFG | u_reg/REG_Files[10][31]_i_1_n_1 | u_reg/REG_Files[1][29]_i_1_n_1 |                5 |              5 |
|  clk_WB_IBUF_BUFG | u_reg/REG_Files[4][31]_i_1_n_1  | u_reg/REG_Files[1][4]_i_1_n_1  |                2 |              5 |
|  clk_WB_IBUF_BUFG | u_reg/REG_Files[4][31]_i_1_n_1  | u_reg/REG_Files[1][9]_i_1_n_1  |                3 |              5 |
|  clk_WB_IBUF_BUFG | u_reg/REG_Files[4][31]_i_1_n_1  | u_reg/REG_Files[1][19]_i_1_n_1 |                2 |              5 |
|  clk_WB_IBUF_BUFG | u_reg/REG_Files[4][31]_i_1_n_1  | u_reg/REG_Files[1][14]_i_1_n_1 |                4 |              5 |
|  clk_WB_IBUF_BUFG | u_reg/REG_Files[4][31]_i_1_n_1  | u_reg/REG_Files[1][24]_i_1_n_1 |                3 |              5 |
|  clk_WB_IBUF_BUFG | u_reg/REG_Files[9][31]_i_1_n_1  | u_reg/REG_Files[1][29]_i_1_n_1 |                4 |              5 |
|  clk_WB_IBUF_BUFG | u_reg/REG_Files[10][31]_i_1_n_1 | u_reg/REG_Files[1][4]_i_1_n_1  |                2 |              5 |
|  clk_WB_IBUF_BUFG | u_reg/REG_Files[9][31]_i_1_n_1  | u_reg/REG_Files[1][4]_i_1_n_1  |                3 |              5 |
|  clk_WB_IBUF_BUFG | u_reg/REG_Files[9][31]_i_1_n_1  | u_reg/REG_Files[1][9]_i_1_n_1  |                4 |              5 |
|  clk_WB_IBUF_BUFG | u_reg/REG_Files[9][31]_i_1_n_1  | u_reg/REG_Files[1][19]_i_1_n_1 |                3 |              5 |
|  clk_WB_IBUF_BUFG | u_reg/REG_Files[9][31]_i_1_n_1  | u_reg/REG_Files[1][14]_i_1_n_1 |                4 |              5 |
|  clk_WB_IBUF_BUFG | u_reg/REG_Files[9][31]_i_1_n_1  | u_reg/REG_Files[1][24]_i_1_n_1 |                2 |              5 |
|  clk_WB_IBUF_BUFG | u_reg/REG_Files[2][31]_i_1_n_1  | u_reg/REG_Files[1][29]_i_1_n_1 |                3 |              5 |
|  clk_WB_IBUF_BUFG | u_reg/REG_Files[10][31]_i_1_n_1 | u_reg/REG_Files[1][9]_i_1_n_1  |                3 |              5 |
|  clk_WB_IBUF_BUFG | u_reg/REG_Files[2][31]_i_1_n_1  | u_reg/REG_Files[1][4]_i_1_n_1  |                2 |              5 |
|  clk_WB_IBUF_BUFG | u_reg/REG_Files[2][31]_i_1_n_1  | u_reg/REG_Files[1][9]_i_1_n_1  |                4 |              5 |
|  clk_WB_IBUF_BUFG | u_reg/REG_Files[2][31]_i_1_n_1  | u_reg/REG_Files[1][19]_i_1_n_1 |                2 |              5 |
|  clk_WB_IBUF_BUFG | u_reg/REG_Files[2][31]_i_1_n_1  | u_reg/REG_Files[1][14]_i_1_n_1 |                5 |              5 |
|  clk_WB_IBUF_BUFG | u_reg/REG_Files[2][31]_i_1_n_1  | u_reg/REG_Files[1][24]_i_1_n_1 |                4 |              5 |
|  clk_WB_IBUF_BUFG | u_reg/REG_Files[21][31]_i_1_n_1 | u_reg/REG_Files[1][29]_i_1_n_1 |                3 |              5 |
|  clk_WB_IBUF_BUFG | u_reg/REG_Files[10][31]_i_1_n_1 | u_reg/REG_Files[1][19]_i_1_n_1 |                2 |              5 |
|  clk_WB_IBUF_BUFG | u_reg/REG_Files[21][31]_i_1_n_1 | u_reg/REG_Files[1][4]_i_1_n_1  |                3 |              5 |
|  clk_WB_IBUF_BUFG | u_reg/REG_Files[21][31]_i_1_n_1 | u_reg/REG_Files[1][9]_i_1_n_1  |                3 |              5 |
|  clk_WB_IBUF_BUFG | u_reg/REG_Files[21][31]_i_1_n_1 | u_reg/REG_Files[1][19]_i_1_n_1 |                2 |              5 |
|  clk_WB_IBUF_BUFG | u_reg/REG_Files[21][31]_i_1_n_1 | u_reg/REG_Files[1][14]_i_1_n_1 |                5 |              5 |
|  clk_WB_IBUF_BUFG | u_reg/REG_Files[21][31]_i_1_n_1 | u_reg/REG_Files[1][24]_i_1_n_1 |                4 |              5 |
|  clk_WB_IBUF_BUFG | u_reg/REG_Files[23][31]_i_1_n_1 | u_reg/REG_Files[1][29]_i_1_n_1 |                3 |              5 |
|  clk_WB_IBUF_BUFG | u_reg/REG_Files[10][31]_i_1_n_1 | u_reg/REG_Files[1][14]_i_1_n_1 |                4 |              5 |
|  clk_WB_IBUF_BUFG | u_reg/REG_Files[23][31]_i_1_n_1 | u_reg/REG_Files[1][4]_i_1_n_1  |                4 |              5 |
|  clk_WB_IBUF_BUFG | u_reg/REG_Files[23][31]_i_1_n_1 | u_reg/REG_Files[1][9]_i_1_n_1  |                5 |              5 |
|  clk_WB_IBUF_BUFG | u_reg/REG_Files[23][31]_i_1_n_1 | u_reg/REG_Files[1][19]_i_1_n_1 |                4 |              5 |
|  clk_WB_IBUF_BUFG | u_reg/REG_Files[23][31]_i_1_n_1 | u_reg/REG_Files[1][14]_i_1_n_1 |                4 |              5 |
|  clk_WB_IBUF_BUFG | u_reg/REG_Files[23][31]_i_1_n_1 | u_reg/REG_Files[1][24]_i_1_n_1 |                3 |              5 |
|  clk_WB_IBUF_BUFG | u_reg/REG_Files[26][31]_i_1_n_1 | u_reg/REG_Files[1][29]_i_1_n_1 |                4 |              5 |
|  clk_WB_IBUF_BUFG | u_reg/REG_Files[10][31]_i_1_n_1 | u_reg/REG_Files[1][24]_i_1_n_1 |                3 |              5 |
|  clk_WB_IBUF_BUFG | u_reg/REG_Files[26][31]_i_1_n_1 | u_reg/REG_Files[1][4]_i_1_n_1  |                2 |              5 |
|  clk_WB_IBUF_BUFG | u_reg/REG_Files[26][31]_i_1_n_1 | u_reg/REG_Files[1][9]_i_1_n_1  |                3 |              5 |
|  clk_WB_IBUF_BUFG | u_reg/REG_Files[26][31]_i_1_n_1 | u_reg/REG_Files[1][19]_i_1_n_1 |                2 |              5 |
|  clk_WB_IBUF_BUFG | u_reg/REG_Files[26][31]_i_1_n_1 | u_reg/REG_Files[1][14]_i_1_n_1 |                4 |              5 |
|  clk_WB_IBUF_BUFG | u_reg/REG_Files[26][31]_i_1_n_1 | u_reg/REG_Files[1][24]_i_1_n_1 |                3 |              5 |
|  clk_WB_IBUF_BUFG | u_reg/REG_Files[31][31]_i_1_n_1 | u_reg/REG_Files[1][29]_i_1_n_1 |                4 |              5 |
|  clk_WB_IBUF_BUFG | u_reg/REG_Files[17][31]_i_1_n_1 | u_reg/REG_Files[1][29]_i_1_n_1 |                4 |              5 |
|  clk_WB_IBUF_BUFG | u_reg/REG_Files[31][31]_i_1_n_1 | u_reg/REG_Files[1][4]_i_1_n_1  |                4 |              5 |
|  clk_WB_IBUF_BUFG | u_reg/REG_Files[31][31]_i_1_n_1 | u_reg/REG_Files[1][9]_i_1_n_1  |                4 |              5 |
|  clk_WB_IBUF_BUFG | u_reg/REG_Files[31][31]_i_1_n_1 | u_reg/REG_Files[1][19]_i_1_n_1 |                3 |              5 |
|  clk_WB_IBUF_BUFG | u_reg/REG_Files[31][31]_i_1_n_1 | u_reg/REG_Files[1][14]_i_1_n_1 |                5 |              5 |
|  clk_WB_IBUF_BUFG | u_reg/REG_Files[31][31]_i_1_n_1 | u_reg/REG_Files[1][24]_i_1_n_1 |                3 |              5 |
|  clk_WB_IBUF_BUFG | u_reg/REG_Files[7][31]_i_1_n_1  | u_reg/REG_Files[1][29]_i_1_n_1 |                3 |              5 |
|  clk_WB_IBUF_BUFG | u_reg/REG_Files[17][31]_i_1_n_1 | u_reg/REG_Files[1][4]_i_1_n_1  |                4 |              5 |
|  clk_WB_IBUF_BUFG | u_reg/REG_Files[7][31]_i_1_n_1  | u_reg/REG_Files[1][4]_i_1_n_1  |                4 |              5 |
|  clk_WB_IBUF_BUFG | u_reg/REG_Files[7][31]_i_1_n_1  | u_reg/REG_Files[1][9]_i_1_n_1  |                4 |              5 |
|  clk_WB_IBUF_BUFG | u_reg/REG_Files[7][31]_i_1_n_1  | u_reg/REG_Files[1][19]_i_1_n_1 |                3 |              5 |
|  clk_WB_IBUF_BUFG | u_reg/REG_Files[7][31]_i_1_n_1  | u_reg/REG_Files[1][14]_i_1_n_1 |                4 |              5 |
|  clk_WB_IBUF_BUFG | u_reg/REG_Files[7][31]_i_1_n_1  | u_reg/REG_Files[1][24]_i_1_n_1 |                4 |              5 |
|  clk_WB_IBUF_BUFG | u_reg/REG_Files[30][31]_i_1_n_1 | u_reg/REG_Files[1][29]_i_1_n_1 |                4 |              5 |
|  clk_WB_IBUF_BUFG | u_reg/REG_Files[17][31]_i_1_n_1 | u_reg/REG_Files[1][9]_i_1_n_1  |                3 |              5 |
|  clk_WB_IBUF_BUFG | u_reg/REG_Files[30][31]_i_1_n_1 | u_reg/REG_Files[1][4]_i_1_n_1  |                3 |              5 |
|  clk_WB_IBUF_BUFG | u_reg/REG_Files[30][31]_i_1_n_1 | u_reg/REG_Files[1][9]_i_1_n_1  |                4 |              5 |
|  clk_WB_IBUF_BUFG | u_reg/REG_Files[30][31]_i_1_n_1 | u_reg/REG_Files[1][19]_i_1_n_1 |                3 |              5 |
|  clk_WB_IBUF_BUFG | u_reg/REG_Files[30][31]_i_1_n_1 | u_reg/REG_Files[1][14]_i_1_n_1 |                4 |              5 |
|  clk_WB_IBUF_BUFG | u_reg/REG_Files[30][31]_i_1_n_1 | u_reg/REG_Files[1][24]_i_1_n_1 |                3 |              5 |
|  clk_WB_IBUF_BUFG | u_reg/REG_Files[22][31]_i_1_n_1 | u_reg/REG_Files[1][29]_i_1_n_1 |                2 |              5 |
|  clk_WB_IBUF_BUFG | u_reg/REG_Files[17][31]_i_1_n_1 | u_reg/REG_Files[1][19]_i_1_n_1 |                2 |              5 |
|  clk_WB_IBUF_BUFG | u_reg/REG_Files[22][31]_i_1_n_1 | u_reg/REG_Files[1][4]_i_1_n_1  |                4 |              5 |
|  clk_WB_IBUF_BUFG | u_reg/REG_Files[22][31]_i_1_n_1 | u_reg/REG_Files[1][9]_i_1_n_1  |                2 |              5 |
|  clk_WB_IBUF_BUFG | u_reg/REG_Files[22][31]_i_1_n_1 | u_reg/REG_Files[1][19]_i_1_n_1 |                2 |              5 |
|  clk_WB_IBUF_BUFG | u_reg/REG_Files[22][31]_i_1_n_1 | u_reg/REG_Files[1][14]_i_1_n_1 |                4 |              5 |
|  clk_WB_IBUF_BUFG | u_reg/REG_Files[22][31]_i_1_n_1 | u_reg/REG_Files[1][24]_i_1_n_1 |                3 |              5 |
|  clk_WB_IBUF_BUFG | u_reg/REG_Files[6][31]_i_1_n_1  | u_reg/REG_Files[1][29]_i_1_n_1 |                3 |              5 |
|  clk_WB_IBUF_BUFG | u_reg/REG_Files[17][31]_i_1_n_1 | u_reg/REG_Files[1][14]_i_1_n_1 |                4 |              5 |
|  clk_WB_IBUF_BUFG | u_reg/REG_Files[6][31]_i_1_n_1  | u_reg/REG_Files[1][4]_i_1_n_1  |                4 |              5 |
|  clk_WB_IBUF_BUFG | u_reg/REG_Files[6][31]_i_1_n_1  | u_reg/REG_Files[1][9]_i_1_n_1  |                4 |              5 |
|  clk_WB_IBUF_BUFG | u_reg/REG_Files[6][31]_i_1_n_1  | u_reg/REG_Files[1][19]_i_1_n_1 |                2 |              5 |
|  clk_WB_IBUF_BUFG | u_reg/REG_Files[6][31]_i_1_n_1  | u_reg/REG_Files[1][14]_i_1_n_1 |                4 |              5 |
|  clk_WB_IBUF_BUFG | u_reg/REG_Files[6][31]_i_1_n_1  | u_reg/REG_Files[1][24]_i_1_n_1 |                4 |              5 |
|  clk_WB_IBUF_BUFG | u_reg/REG_Files[27][31]_i_1_n_1 | u_reg/REG_Files[1][29]_i_1_n_1 |                4 |              5 |
|  clk_WB_IBUF_BUFG | u_reg/REG_Files[17][31]_i_1_n_1 | u_reg/REG_Files[1][24]_i_1_n_1 |                4 |              5 |
|  clk_WB_IBUF_BUFG | u_reg/REG_Files[27][31]_i_1_n_1 | u_reg/REG_Files[1][4]_i_1_n_1  |                2 |              5 |
|  clk_WB_IBUF_BUFG | u_reg/REG_Files[27][31]_i_1_n_1 | u_reg/REG_Files[1][9]_i_1_n_1  |                2 |              5 |
|  clk_WB_IBUF_BUFG | u_reg/REG_Files[27][31]_i_1_n_1 | u_reg/REG_Files[1][19]_i_1_n_1 |                3 |              5 |
|  clk_WB_IBUF_BUFG | u_reg/REG_Files[27][31]_i_1_n_1 | u_reg/REG_Files[1][14]_i_1_n_1 |                5 |              5 |
|  clk_WB_IBUF_BUFG | u_reg/REG_Files[27][31]_i_1_n_1 | u_reg/REG_Files[1][24]_i_1_n_1 |                3 |              5 |
|  clk_WB_IBUF_BUFG | u_reg/REG_Files[3][31]_i_1_n_1  | u_reg/REG_Files[1][29]_i_1_n_1 |                2 |              5 |
|  clk_WB_IBUF_BUFG | u_reg/REG_Files[11][31]_i_1_n_1 | u_reg/REG_Files[1][29]_i_1_n_1 |                4 |              5 |
|  clk_WB_IBUF_BUFG | u_reg/REG_Files[3][31]_i_1_n_1  | u_reg/REG_Files[1][4]_i_1_n_1  |                2 |              5 |
|  clk_WB_IBUF_BUFG | u_reg/REG_Files[3][31]_i_1_n_1  | u_reg/REG_Files[1][9]_i_1_n_1  |                3 |              5 |
|  clk_WB_IBUF_BUFG | u_reg/REG_Files[3][31]_i_1_n_1  | u_reg/REG_Files[1][19]_i_1_n_1 |                2 |              5 |
|  clk_WB_IBUF_BUFG | u_reg/REG_Files[3][31]_i_1_n_1  | u_reg/REG_Files[1][14]_i_1_n_1 |                4 |              5 |
|  clk_WB_IBUF_BUFG | u_reg/REG_Files[3][31]_i_1_n_1  | u_reg/REG_Files[1][24]_i_1_n_1 |                4 |              5 |
|  clk_IBUF_BUFG    |                                 | rst_n_IBUF                     |                4 |             15 |
|  clk_F_IBUF_BUFG  |                                 |                                |               10 |             32 |
|  n_0_1051_BUFG    |                                 |                                |               19 |             33 |
|  clk_RR_IBUF_BUFG |                                 |                                |               24 |             64 |
+-------------------+---------------------------------+--------------------------------+------------------+----------------+


